-------------------------------------------------------------------------------
Test set: com.azure.storage.adlsmigrator.mapred.TestCopyMapper
-------------------------------------------------------------------------------
Tests run: 1, Failures: 0, Errors: 1, Skipped: 0, Time elapsed: 4.387 s <<< FAILURE! - in com.azure.storage.adlsmigrator.mapred.TestCopyMapper
com.azure.storage.adlsmigrator.mapred.TestCopyMapper  Time elapsed: 4.387 s  <<< ERROR!
java.lang.UnsatisfiedLinkError: org.apache.hadoop.io.nativeio.NativeIO$Windows.access0(Ljava/lang/String;I)Z
	at org.apache.hadoop.io.nativeio.NativeIO$Windows.access0(Native Method)
	at org.apache.hadoop.io.nativeio.NativeIO$Windows.access(NativeIO.java:606)
	at org.apache.hadoop.fs.FileUtil.canWrite(FileUtil.java:1017)
	at org.apache.hadoop.hdfs.server.common.Storage$StorageDirectory.analyzeStorage(Storage.java:558)
	at org.apache.hadoop.hdfs.server.common.Storage$StorageDirectory.analyzeStorage(Storage.java:518)
	at org.apache.hadoop.hdfs.server.namenode.FSImage.recoverStorageDirs(FSImage.java:383)
	at org.apache.hadoop.hdfs.server.namenode.FSImage.recoverTransitionRead(FSImage.java:239)
	at org.apache.hadoop.hdfs.server.namenode.FSNamesystem.loadFSImage(FSNamesystem.java:1064)
	at org.apache.hadoop.hdfs.server.namenode.FSNamesystem.loadFromDisk(FSNamesystem.java:685)
	at org.apache.hadoop.hdfs.server.namenode.NameNode.loadNamesystem(NameNode.java:668)
	at org.apache.hadoop.hdfs.server.namenode.NameNode.initialize(NameNode.java:730)
	at org.apache.hadoop.hdfs.server.namenode.NameNode.<init>(NameNode.java:955)
	at org.apache.hadoop.hdfs.server.namenode.NameNode.<init>(NameNode.java:934)
	at org.apache.hadoop.hdfs.server.namenode.NameNode.createNameNode(NameNode.java:1708)
	at org.apache.hadoop.hdfs.MiniDFSCluster.createNameNode(MiniDFSCluster.java:1310)
	at org.apache.hadoop.hdfs.MiniDFSCluster.configureNameService(MiniDFSCluster.java:1076)
	at org.apache.hadoop.hdfs.MiniDFSCluster.createNameNodesAndSetConf(MiniDFSCluster.java:986)
	at org.apache.hadoop.hdfs.MiniDFSCluster.initMiniDFSCluster(MiniDFSCluster.java:883)
	at org.apache.hadoop.hdfs.MiniDFSCluster.<init>(MiniDFSCluster.java:516)
	at org.apache.hadoop.hdfs.MiniDFSCluster$Builder.build(MiniDFSCluster.java:475)
	at com.azure.storage.adlsmigrator.mapred.TestCopyMapper.setup(TestCopyMapper.java:83)
	at sun.reflect.NativeMethodAccessorImpl.invoke0(Native Method)
	at sun.reflect.NativeMethodAccessorImpl.invoke(NativeMethodAccessorImpl.java:62)
	at sun.reflect.DelegatingMethodAccessorImpl.invoke(DelegatingMethodAccessorImpl.java:43)
	at java.lang.reflect.Method.invoke(Method.java:498)
	at org.junit.runners.model.FrameworkMethod$1.runReflectiveCall(FrameworkMethod.java:47)
	at org.junit.internal.runners.model.ReflectiveCallable.run(ReflectiveCallable.java:12)
	at org.junit.runners.model.FrameworkMethod.invokeExplosively(FrameworkMethod.java:44)
	at org.junit.internal.runners.statements.RunBefores.evaluate(RunBefores.java:24)
	at org.junit.runners.ParentRunner.run(ParentRunner.java:309)
	at org.apache.maven.surefire.junit4.JUnit4Provider.execute(JUnit4Provider.java:365)
	at org.apache.maven.surefire.junit4.JUnit4Provider.executeWithRerun(JUnit4Provider.java:273)
	at org.apache.maven.surefire.junit4.JUnit4Provider.executeTestSet(JUnit4Provider.java:238)
	at org.apache.maven.surefire.junit4.JUnit4Provider.invoke(JUnit4Provider.java:159)
	at org.apache.maven.surefire.booter.ForkedBooter.invokeProviderInSameClassLoader(ForkedBooter.java:379)
	at org.apache.maven.surefire.booter.ForkedBooter.runSuitesInProcess(ForkedBooter.java:340)
	at org.apache.maven.surefire.booter.ForkedBooter.execute(ForkedBooter.java:125)
	at org.apache.maven.surefire.booter.ForkedBooter.main(ForkedBooter.java:413)

