<?xml version="1.0" encoding="UTF-8"?>
<testsuite xmlns:xsi="http://www.w3.org/2001/XMLSchema-instance" xsi:noNamespaceSchemaLocation="https://maven.apache.org/surefire/maven-surefire-plugin/xsd/surefire-test-report.xsd" name="com.azure.storage.adlsmigrator.mapred.TestUniformSizeInputFormat" time="4.231" tests="2" errors="2" skipped="0" failures="0">
  <properties>
[...]
</properties>
  <testcase name="com.azure.storage.adlsmigrator.mapred.TestUniformSizeInputFormat" classname="com.azure.storage.adlsmigrator.mapred.TestUniformSizeInputFormat" time="4.231">
    <error message="org.apache.hadoop.io.nativeio.NativeIO$Windows.access0(Ljava/lang/String;I)Z" type="java.lang.UnsatisfiedLinkError"><![CDATA[java.lang.UnsatisfiedLinkError: org.apache.hadoop.io.nativeio.NativeIO$Windows.access0(Ljava/lang/String;I)Z
	at org.apache.hadoop.io.nativeio.NativeIO$Windows.access0(Native Method)
	at org.apache.hadoop.io.nativeio.NativeIO$Windows.access(NativeIO.java:606)
	at org.apache.hadoop.fs.FileUtil.canWrite(FileUtil.java:1017)
	at org.apache.hadoop.hdfs.server.common.Storage$StorageDirectory.analyzeStorage(Storage.java:558)
	at org.apache.hadoop.hdfs.server.common.Storage$StorageDirectory.analyzeStorage(Storage.java:518)
	at org.apache.hadoop.hdfs.server.namenode.FSImage.recoverStorageDirs(FSImage.java:383)
	at org.apache.hadoop.hdfs.server.namenode.FSImage.recoverTransitionRead(FSImage.java:239)
	at org.apache.hadoop.hdfs.server.namenode.FSNamesystem.loadFSImage(FSNamesystem.java:1064)
	at org.apache.hadoop.hdfs.server.namenode.FSNamesystem.loadFromDisk(FSNamesystem.java:685)
	at org.apache.hadoop.hdfs.server.namenode.NameNode.loadNamesystem(NameNode.java:668)
	at org.apache.hadoop.hdfs.server.namenode.NameNode.initialize(NameNode.java:730)
	at org.apache.hadoop.hdfs.server.namenode.NameNode.<init>(NameNode.java:955)
	at org.apache.hadoop.hdfs.server.namenode.NameNode.<init>(NameNode.java:934)
	at org.apache.hadoop.hdfs.server.namenode.NameNode.createNameNode(NameNode.java:1708)
	at org.apache.hadoop.hdfs.MiniDFSCluster.createNameNode(MiniDFSCluster.java:1310)
	at org.apache.hadoop.hdfs.MiniDFSCluster.configureNameService(MiniDFSCluster.java:1076)
	at org.apache.hadoop.hdfs.MiniDFSCluster.createNameNodesAndSetConf(MiniDFSCluster.java:986)
	at org.apache.hadoop.hdfs.MiniDFSCluster.initMiniDFSCluster(MiniDFSCluster.java:883)
	at org.apache.hadoop.hdfs.MiniDFSCluster.<init>(MiniDFSCluster.java:516)
	at org.apache.hadoop.hdfs.MiniDFSCluster$Builder.build(MiniDFSCluster.java:475)
	at com.azure.storage.adlsmigrator.mapred.TestUniformSizeInputFormat.setup(TestUniformSizeInputFormat.java:62)
	at sun.reflect.NativeMethodAccessorImpl.invoke0(Native Method)
	at sun.reflect.NativeMethodAccessorImpl.invoke(NativeMethodAccessorImpl.java:62)
	at sun.reflect.DelegatingMethodAccessorImpl.invoke(DelegatingMethodAccessorImpl.java:43)
	at java.lang.reflect.Method.invoke(Method.java:498)
	at org.junit.runners.model.FrameworkMethod$1.runReflectiveCall(FrameworkMethod.java:47)
	at org.junit.internal.runners.model.ReflectiveCallable.run(ReflectiveCallable.java:12)
	at org.junit.runners.model.FrameworkMethod.invokeExplosively(FrameworkMethod.java:44)
	at org.junit.internal.runners.statements.RunBefores.evaluate(RunBefores.java:24)
	at org.junit.internal.runners.statements.RunAfters.evaluate(RunAfters.java:27)
	at org.junit.runners.ParentRunner.run(ParentRunner.java:309)
	at org.apache.maven.surefire.junit4.JUnit4Provider.execute(JUnit4Provider.java:365)
	at org.apache.maven.surefire.junit4.JUnit4Provider.executeWithRerun(JUnit4Provider.java:273)
	at org.apache.maven.surefire.junit4.JUnit4Provider.executeTestSet(JUnit4Provider.java:238)
	at org.apache.maven.surefire.junit4.JUnit4Provider.invoke(JUnit4Provider.java:159)
	at org.apache.maven.surefire.booter.ForkedBooter.invokeProviderInSameClassLoader(ForkedBooter.java:379)
	at org.apache.maven.surefire.booter.ForkedBooter.runSuitesInProcess(ForkedBooter.java:340)
	at org.apache.maven.surefire.booter.ForkedBooter.execute(ForkedBooter.java:125)
	at org.apache.maven.surefire.booter.ForkedBooter.main(ForkedBooter.java:413)
]]></error>
    <system-out><![CDATA[2019-09-17 18:33:20,154 [main] DEBUG util.Shell (Shell.java:<clinit>(506)) - Failed to detect a valid hadoop home directory
java.io.FileNotFoundException: Hadoop home directory c:\depot\adls-migrator\..\..\hadoop-common-project\hadoop-common\target does not exist
	at org.apache.hadoop.util.Shell.checkHadoopHomeInner(Shell.java:477)
	at org.apache.hadoop.util.Shell.checkHadoopHome(Shell.java:425)
	at org.apache.hadoop.util.Shell.<clinit>(Shell.java:502)
	at org.apache.hadoop.util.StringUtils.<clinit>(StringUtils.java:78)
	at org.apache.hadoop.conf.Configuration.getBoolean(Configuration.java:1567)
	at org.apache.hadoop.security.ssl.SSLFactory.<init>(SSLFactory.java:111)
	at org.apache.hadoop.hdfs.web.URLConnectionFactory.newSslConnConfigurator(URLConnectionFactory.java:163)
	at org.apache.hadoop.hdfs.web.URLConnectionFactory.getSSLConnectionConfiguration(URLConnectionFactory.java:106)
	at org.apache.hadoop.hdfs.web.URLConnectionFactory.newDefaultURLConnectionFactory(URLConnectionFactory.java:85)
	at org.apache.hadoop.hdfs.server.common.Util.<clinit>(Util.java:71)
	at org.apache.hadoop.hdfs.MiniDFSCluster.initNameNodeConf(MiniDFSCluster.java:1202)
	at org.apache.hadoop.hdfs.MiniDFSCluster.configureNameService(MiniDFSCluster.java:1022)
	at org.apache.hadoop.hdfs.MiniDFSCluster.createNameNodesAndSetConf(MiniDFSCluster.java:986)
	at org.apache.hadoop.hdfs.MiniDFSCluster.initMiniDFSCluster(MiniDFSCluster.java:883)
	at org.apache.hadoop.hdfs.MiniDFSCluster.<init>(MiniDFSCluster.java:516)
	at org.apache.hadoop.hdfs.MiniDFSCluster$Builder.build(MiniDFSCluster.java:475)
	at com.azure.storage.adlsmigrator.mapred.TestUniformSizeInputFormat.setup(TestUniformSizeInputFormat.java:62)
	at sun.reflect.NativeMethodAccessorImpl.invoke0(Native Method)
	at sun.reflect.NativeMethodAccessorImpl.invoke(NativeMethodAccessorImpl.java:62)
	at sun.reflect.DelegatingMethodAccessorImpl.invoke(DelegatingMethodAccessorImpl.java:43)
	at java.lang.reflect.Method.invoke(Method.java:498)
	at org.junit.runners.model.FrameworkMethod$1.runReflectiveCall(FrameworkMethod.java:47)
	at org.junit.internal.runners.model.ReflectiveCallable.run(ReflectiveCallable.java:12)
	at org.junit.runners.model.FrameworkMethod.invokeExplosively(FrameworkMethod.java:44)
	at org.junit.internal.runners.statements.RunBefores.evaluate(RunBefores.java:24)
	at org.junit.internal.runners.statements.RunAfters.evaluate(RunAfters.java:27)
	at org.junit.runners.ParentRunner.run(ParentRunner.java:309)
	at org.apache.maven.surefire.junit4.JUnit4Provider.execute(JUnit4Provider.java:365)
	at org.apache.maven.surefire.junit4.JUnit4Provider.executeWithRerun(JUnit4Provider.java:273)
	at org.apache.maven.surefire.junit4.JUnit4Provider.executeTestSet(JUnit4Provider.java:238)
	at org.apache.maven.surefire.junit4.JUnit4Provider.invoke(JUnit4Provider.java:159)
	at org.apache.maven.surefire.booter.ForkedBooter.invokeProviderInSameClassLoader(ForkedBooter.java:379)
	at org.apache.maven.surefire.booter.ForkedBooter.runSuitesInProcess(ForkedBooter.java:340)
	at org.apache.maven.surefire.booter.ForkedBooter.execute(ForkedBooter.java:125)
	at org.apache.maven.surefire.booter.ForkedBooter.main(ForkedBooter.java:413)
2019-09-17 18:33:20,165 [main] WARN  util.Shell (Shell.java:<clinit>(679)) - Did not find winutils.exe: {}
java.io.FileNotFoundException: java.io.FileNotFoundException: Hadoop home directory c:\depot\adls-migrator\..\..\hadoop-common-project\hadoop-common\target does not exist -see https://wiki.apache.org/hadoop/WindowsProblems
	at org.apache.hadoop.util.Shell.fileNotFoundException(Shell.java:534)
	at org.apache.hadoop.util.Shell.getHadoopHomeDir(Shell.java:555)
	at org.apache.hadoop.util.Shell.getQualifiedBin(Shell.java:578)
	at org.apache.hadoop.util.Shell.<clinit>(Shell.java:675)
	at org.apache.hadoop.util.StringUtils.<clinit>(StringUtils.java:78)
	at org.apache.hadoop.conf.Configuration.getBoolean(Configuration.java:1567)
	at org.apache.hadoop.security.ssl.SSLFactory.<init>(SSLFactory.java:111)
	at org.apache.hadoop.hdfs.web.URLConnectionFactory.newSslConnConfigurator(URLConnectionFactory.java:163)
	at org.apache.hadoop.hdfs.web.URLConnectionFactory.getSSLConnectionConfiguration(URLConnectionFactory.java:106)
	at org.apache.hadoop.hdfs.web.URLConnectionFactory.newDefaultURLConnectionFactory(URLConnectionFactory.java:85)
	at org.apache.hadoop.hdfs.server.common.Util.<clinit>(Util.java:71)
	at org.apache.hadoop.hdfs.MiniDFSCluster.initNameNodeConf(MiniDFSCluster.java:1202)
	at org.apache.hadoop.hdfs.MiniDFSCluster.configureNameService(MiniDFSCluster.java:1022)
	at org.apache.hadoop.hdfs.MiniDFSCluster.createNameNodesAndSetConf(MiniDFSCluster.java:986)
	at org.apache.hadoop.hdfs.MiniDFSCluster.initMiniDFSCluster(MiniDFSCluster.java:883)
	at org.apache.hadoop.hdfs.MiniDFSCluster.<init>(MiniDFSCluster.java:516)
	at org.apache.hadoop.hdfs.MiniDFSCluster$Builder.build(MiniDFSCluster.java:475)
	at com.azure.storage.adlsmigrator.mapred.TestUniformSizeInputFormat.setup(TestUniformSizeInputFormat.java:62)
	at sun.reflect.NativeMethodAccessorImpl.invoke0(Native Method)
	at sun.reflect.NativeMethodAccessorImpl.invoke(NativeMethodAccessorImpl.java:62)
	at sun.reflect.DelegatingMethodAccessorImpl.invoke(DelegatingMethodAccessorImpl.java:43)
	at java.lang.reflect.Method.invoke(Method.java:498)
	at org.junit.runners.model.FrameworkMethod$1.runReflectiveCall(FrameworkMethod.java:47)
	at org.junit.internal.runners.model.ReflectiveCallable.run(ReflectiveCallable.java:12)
	at org.junit.runners.model.FrameworkMethod.invokeExplosively(FrameworkMethod.java:44)
	at org.junit.internal.runners.statements.RunBefores.evaluate(RunBefores.java:24)
	at org.junit.internal.runners.statements.RunAfters.evaluate(RunAfters.java:27)
	at org.junit.runners.ParentRunner.run(ParentRunner.java:309)
	at org.apache.maven.surefire.junit4.JUnit4Provider.execute(JUnit4Provider.java:365)
	at org.apache.maven.surefire.junit4.JUnit4Provider.executeWithRerun(JUnit4Provider.java:273)
	at org.apache.maven.surefire.junit4.JUnit4Provider.executeTestSet(JUnit4Provider.java:238)
	at org.apache.maven.surefire.junit4.JUnit4Provider.invoke(JUnit4Provider.java:159)
	at org.apache.maven.surefire.booter.ForkedBooter.invokeProviderInSameClassLoader(ForkedBooter.java:379)
	at org.apache.maven.surefire.booter.ForkedBooter.runSuitesInProcess(ForkedBooter.java:340)
	at org.apache.maven.surefire.booter.ForkedBooter.execute(ForkedBooter.java:125)
	at org.apache.maven.surefire.booter.ForkedBooter.main(ForkedBooter.java:413)
Caused by: java.io.FileNotFoundException: Hadoop home directory c:\depot\adls-migrator\..\..\hadoop-common-project\hadoop-common\target does not exist
	at org.apache.hadoop.util.Shell.checkHadoopHomeInner(Shell.java:477)
	at org.apache.hadoop.util.Shell.checkHadoopHome(Shell.java:425)
	at org.apache.hadoop.util.Shell.<clinit>(Shell.java:502)
	... 32 more
2019-09-17 18:33:20,166 [main] DEBUG util.Shell (Shell.java:<clinit>(681)) - Failed to find winutils.exe
java.io.FileNotFoundException: java.io.FileNotFoundException: Hadoop home directory c:\depot\adls-migrator\..\..\hadoop-common-project\hadoop-common\target does not exist -see https://wiki.apache.org/hadoop/WindowsProblems
	at org.apache.hadoop.util.Shell.fileNotFoundException(Shell.java:534)
	at org.apache.hadoop.util.Shell.getHadoopHomeDir(Shell.java:555)
	at org.apache.hadoop.util.Shell.getQualifiedBin(Shell.java:578)
	at org.apache.hadoop.util.Shell.<clinit>(Shell.java:675)
	at org.apache.hadoop.util.StringUtils.<clinit>(StringUtils.java:78)
	at org.apache.hadoop.conf.Configuration.getBoolean(Configuration.java:1567)
	at org.apache.hadoop.security.ssl.SSLFactory.<init>(SSLFactory.java:111)
	at org.apache.hadoop.hdfs.web.URLConnectionFactory.newSslConnConfigurator(URLConnectionFactory.java:163)
	at org.apache.hadoop.hdfs.web.URLConnectionFactory.getSSLConnectionConfiguration(URLConnectionFactory.java:106)
	at org.apache.hadoop.hdfs.web.URLConnectionFactory.newDefaultURLConnectionFactory(URLConnectionFactory.java:85)
	at org.apache.hadoop.hdfs.server.common.Util.<clinit>(Util.java:71)
	at org.apache.hadoop.hdfs.MiniDFSCluster.initNameNodeConf(MiniDFSCluster.java:1202)
	at org.apache.hadoop.hdfs.MiniDFSCluster.configureNameService(MiniDFSCluster.java:1022)
	at org.apache.hadoop.hdfs.MiniDFSCluster.createNameNodesAndSetConf(MiniDFSCluster.java:986)
	at org.apache.hadoop.hdfs.MiniDFSCluster.initMiniDFSCluster(MiniDFSCluster.java:883)
	at org.apache.hadoop.hdfs.MiniDFSCluster.<init>(MiniDFSCluster.java:516)
	at org.apache.hadoop.hdfs.MiniDFSCluster$Builder.build(MiniDFSCluster.java:475)
	at com.azure.storage.adlsmigrator.mapred.TestUniformSizeInputFormat.setup(TestUniformSizeInputFormat.java:62)
	at sun.reflect.NativeMethodAccessorImpl.invoke0(Native Method)
	at sun.reflect.NativeMethodAccessorImpl.invoke(NativeMethodAccessorImpl.java:62)
	at sun.reflect.DelegatingMethodAccessorImpl.invoke(DelegatingMethodAccessorImpl.java:43)
	at java.lang.reflect.Method.invoke(Method.java:498)
	at org.junit.runners.model.FrameworkMethod$1.runReflectiveCall(FrameworkMethod.java:47)
	at org.junit.internal.runners.model.ReflectiveCallable.run(ReflectiveCallable.java:12)
	at org.junit.runners.model.FrameworkMethod.invokeExplosively(FrameworkMethod.java:44)
	at org.junit.internal.runners.statements.RunBefores.evaluate(RunBefores.java:24)
	at org.junit.internal.runners.statements.RunAfters.evaluate(RunAfters.java:27)
	at org.junit.runners.ParentRunner.run(ParentRunner.java:309)
	at org.apache.maven.surefire.junit4.JUnit4Provider.execute(JUnit4Provider.java:365)
	at org.apache.maven.surefire.junit4.JUnit4Provider.executeWithRerun(JUnit4Provider.java:273)
	at org.apache.maven.surefire.junit4.JUnit4Provider.executeTestSet(JUnit4Provider.java:238)
	at org.apache.maven.surefire.junit4.JUnit4Provider.invoke(JUnit4Provider.java:159)
	at org.apache.maven.surefire.booter.ForkedBooter.invokeProviderInSameClassLoader(ForkedBooter.java:379)
	at org.apache.maven.surefire.booter.ForkedBooter.runSuitesInProcess(ForkedBooter.java:340)
	at org.apache.maven.surefire.booter.ForkedBooter.execute(ForkedBooter.java:125)
	at org.apache.maven.surefire.booter.ForkedBooter.main(ForkedBooter.java:413)
Caused by: java.io.FileNotFoundException: Hadoop home directory c:\depot\adls-migrator\..\..\hadoop-common-project\hadoop-common\target does not exist
	at org.apache.hadoop.util.Shell.checkHadoopHomeInner(Shell.java:477)
	at org.apache.hadoop.util.Shell.checkHadoopHome(Shell.java:425)
	at org.apache.hadoop.util.Shell.<clinit>(Shell.java:502)
	... 32 more
2019-09-17 18:33:20,169 [main] DEBUG ssl.SSLFactory (SSLFactory.java:<init>(125)) - will exclude cipher suites: 
2019-09-17 18:33:20,277 [main] DEBUG ssl.FileBasedKeyStoresFactory (FileBasedKeyStoresFactory.java:init(228)) - The property 'ssl.client.truststore.location' has not been set, no TrustStore will be loaded
2019-09-17 18:33:20,738 [main] DEBUG lib.MutableMetricsFactory (MutableMetricsFactory.java:newForField(43)) - field org.apache.hadoop.metrics2.lib.MutableRate org.apache.hadoop.security.UserGroupInformation$UgiMetrics.loginSuccess with annotation @org.apache.hadoop.metrics2.annotation.Metric(always=false, sampleName=Ops, valueName=Time, about=, interval=10, type=DEFAULT, value=[Rate of successful kerberos logins and latency (milliseconds)])
2019-09-17 18:33:20,753 [main] DEBUG lib.MutableMetricsFactory (MutableMetricsFactory.java:newForField(43)) - field org.apache.hadoop.metrics2.lib.MutableRate org.apache.hadoop.security.UserGroupInformation$UgiMetrics.loginFailure with annotation @org.apache.hadoop.metrics2.annotation.Metric(always=false, sampleName=Ops, valueName=Time, about=, interval=10, type=DEFAULT, value=[Rate of failed kerberos logins and latency (milliseconds)])
2019-09-17 18:33:20,753 [main] DEBUG lib.MutableMetricsFactory (MutableMetricsFactory.java:newForField(43)) - field org.apache.hadoop.metrics2.lib.MutableRate org.apache.hadoop.security.UserGroupInformation$UgiMetrics.getGroups with annotation @org.apache.hadoop.metrics2.annotation.Metric(always=false, sampleName=Ops, valueName=Time, about=, interval=10, type=DEFAULT, value=[GetGroups])
2019-09-17 18:33:20,753 [main] DEBUG lib.MutableMetricsFactory (MutableMetricsFactory.java:newForField(43)) - field private org.apache.hadoop.metrics2.lib.MutableGaugeLong org.apache.hadoop.security.UserGroupInformation$UgiMetrics.renewalFailuresTotal with annotation @org.apache.hadoop.metrics2.annotation.Metric(always=false, sampleName=Ops, valueName=Time, about=, interval=10, type=DEFAULT, value=[Renewal failures since startup])
2019-09-17 18:33:20,753 [main] DEBUG lib.MutableMetricsFactory (MutableMetricsFactory.java:newForField(43)) - field private org.apache.hadoop.metrics2.lib.MutableGaugeInt org.apache.hadoop.security.UserGroupInformation$UgiMetrics.renewalFailures with annotation @org.apache.hadoop.metrics2.annotation.Metric(always=false, sampleName=Ops, valueName=Time, about=, interval=10, type=DEFAULT, value=[Renewal failures since last successful login])
2019-09-17 18:33:20,769 [main] DEBUG impl.MetricsSystemImpl (MetricsSystemImpl.java:register(231)) - UgiMetrics, User and group related metrics
2019-09-17 18:33:20,785 [main] DEBUG security.SecurityUtil (SecurityUtil.java:setTokenServiceUseIp(121)) - Setting hadoop.security.token.service.use_ip to true
2019-09-17 18:33:20,831 [main] DEBUG security.Groups (Groups.java:getUserToGroupsMappingService(447)) -  Creating new Groups object
2019-09-17 18:33:20,831 [main] DEBUG util.NativeCodeLoader (NativeCodeLoader.java:<clinit>(46)) - Trying to load the custom-built native-hadoop library...
2019-09-17 18:33:20,847 [main] DEBUG util.NativeCodeLoader (NativeCodeLoader.java:<clinit>(55)) - Failed to load native-hadoop with error: java.lang.UnsatisfiedLinkError: no hadoop in java.library.path
2019-09-17 18:33:20,847 [main] DEBUG util.NativeCodeLoader (NativeCodeLoader.java:<clinit>(56)) - java.library.path=c:\Program Files\Java\jdk1.8.0_221\jre\bin;C:\Windows\Sun\Java\bin;C:\Windows\system32;C:\Windows;C:\Windows\system32;C:\Windows;C:\Windows\System32\Wbem;C:\Windows\System32\WindowsPowerShell\v1.0\;C:\Windows\System32\OpenSSH\;C:\Program Files\dotnet\;C:\Program Files\Microsoft SQL Server\130\Tools\Binn\;C:\Program Files\Microsoft SQL Server\Client SDK\ODBC\170\Tools\Binn\;C:\Program Files\Git\cmd;C:\Program Files (x86)\Windows Kits\8.0\Windows Performance Toolkit\;C:\Users\jamesbak\AppData\Local\Microsoft\WindowsApps;C:\Program Files\Ubuntu;C:\Users\jamesbak\AppData\Local\Programs\Fiddler;C:\Users\jamesbak\AppData\Local\Programs\Microsoft VS Code\bin;C:\Program Files\Java\jdk1.8.0_221\bin;C:\Program Files\Java\apache-maven-3.6.2\bin;C:\Program Files\Java\protoc-2.5.0;;c:\depot\adls-migrator/../../hadoop-common-project/hadoop-common/target/bin;${openssl.lib};.
2019-09-17 18:33:20,847 [main] WARN  util.NativeCodeLoader (NativeCodeLoader.java:<clinit>(62)) - Unable to load native-hadoop library for your platform... using builtin-java classes where applicable
2019-09-17 18:33:20,847 [main] DEBUG util.PerformanceAdvisory (JniBasedUnixGroupsMappingWithFallback.java:<init>(41)) - Falling back to shell based
2019-09-17 18:33:20,847 [main] DEBUG security.JniBasedUnixGroupsMappingWithFallback (JniBasedUnixGroupsMappingWithFallback.java:<init>(45)) - Group mapping impl=org.apache.hadoop.security.ShellBasedUnixGroupsMapping
2019-09-17 18:33:20,894 [main] DEBUG security.Groups (Groups.java:<init>(151)) - Group mapping impl=org.apache.hadoop.security.JniBasedUnixGroupsMappingWithFallback; cacheTimeout=300000; warningDeltaMs=5000
2019-09-17 18:33:20,972 [main] DEBUG namenode.NameNode (NameNode.java:initializeGenericKeys(1754)) - Setting fs.defaultFS to hdfs://127.0.0.1:0
Formatting using clusterid: testClusterID
2019-09-17 18:33:21,003 [main] DEBUG util.KMSUtil (KMSUtil.java:createKeyProvider(52)) - Creating key provider with config key hadoop.security.key.provider.path
2019-09-17 18:33:21,019 [main] DEBUG security.UserGroupInformation (UserGroupInformation.java:login(246)) - hadoop login
2019-09-17 18:33:21,050 [main] DEBUG security.UserGroupInformation (UserGroupInformation.java:commit(181)) - hadoop login commit
2019-09-17 18:33:21,050 [main] DEBUG security.UserGroupInformation (UserGroupInformation.java:commit(211)) - using local user:NTUserPrincipal: jamesbak
2019-09-17 18:33:21,050 [main] DEBUG security.UserGroupInformation (UserGroupInformation.java:commit(217)) - Using user: "NTUserPrincipal: jamesbak" with name jamesbak
2019-09-17 18:33:21,050 [main] DEBUG security.UserGroupInformation (UserGroupInformation.java:commit(227)) - User entry: "jamesbak"
2019-09-17 18:33:21,050 [main] DEBUG security.UserGroupInformation (UserGroupInformation.java:loginUserFromSubject(863)) - Assuming keytab is managed externally since logged in from subject.
2019-09-17 18:33:21,066 [main] DEBUG security.UserGroupInformation (UserGroupInformation.java:loginUserFromSubject(922)) - UGI loginUser:jamesbak (auth:SIMPLE)
2019-09-17 18:33:21,137 [main] INFO  Configuration.deprecation (Configuration.java:logDeprecation(1297)) - hadoop.configured.node.mapping is deprecated. Instead, use net.topology.configured.node.mapping
2019-09-17 18:33:21,143 [main] INFO  blockmanagement.BlockManager (InvalidateBlocks.java:printBlockDeletionTime(73)) - dfs.namenode.startup.delay.block.deletion.sec is set to 000:00:00:00.000
2019-09-17 18:33:21,143 [main] INFO  blockmanagement.BlockManager (InvalidateBlocks.java:printBlockDeletionTime(78)) - The block deletion will start around 2019 Sep 17 18:33:21
2019-09-17 18:33:21,147 [main] INFO  util.GSet (LightWeightGSet.java:computeCapacity(395)) - Computing capacity for map BlocksMap
2019-09-17 18:33:21,147 [main] INFO  util.GSet (LightWeightGSet.java:computeCapacity(396)) - VM type       = 64-bit
2019-09-17 18:33:21,149 [main] INFO  util.GSet (LightWeightGSet.java:computeCapacity(397)) - 2.0% max memory 910.5 MB = 18.2 MB
2019-09-17 18:33:21,149 [main] INFO  util.GSet (LightWeightGSet.java:computeCapacity(402)) - capacity      = 2^21 = 2097152 entries
2019-09-17 18:33:21,149 [main] DEBUG util.GSet (LightWeightGSet.java:<init>(90)) - recommended=2097152, actual=2097152
2019-09-17 18:33:21,155 [main] INFO  blockmanagement.BlockManager (BlockManager.java:createBlockTokenSecretManager(481)) - dfs.block.access.token.enable=false
2019-09-17 18:33:21,155 [main] WARN  conf.Configuration (Configuration.java:getTimeDurationHelper(1701)) - No unit for dfs.heartbeat.interval(3) assuming SECONDS
2019-09-17 18:33:21,161 [main] WARN  conf.Configuration (Configuration.java:getTimeDurationHelper(1701)) - No unit for dfs.namenode.safemode.extension(0) assuming MILLISECONDS
2019-09-17 18:33:21,161 [main] INFO  blockmanagement.BlockManagerSafeMode (BlockManagerSafeMode.java:<init>(158)) - dfs.namenode.safemode.threshold-pct = 0.9990000128746033
2019-09-17 18:33:21,161 [main] INFO  blockmanagement.BlockManagerSafeMode (BlockManagerSafeMode.java:<init>(159)) - dfs.namenode.safemode.min.datanodes = 0
2019-09-17 18:33:21,162 [main] INFO  blockmanagement.BlockManagerSafeMode (BlockManagerSafeMode.java:<init>(161)) - dfs.namenode.safemode.extension = 0
2019-09-17 18:33:21,162 [main] INFO  blockmanagement.BlockManager (BlockManager.java:<init>(467)) - defaultReplication         = 1
2019-09-17 18:33:21,162 [main] INFO  blockmanagement.BlockManager (BlockManager.java:<init>(468)) - maxReplication             = 512
2019-09-17 18:33:21,162 [main] INFO  blockmanagement.BlockManager (BlockManager.java:<init>(469)) - minReplication             = 1
2019-09-17 18:33:21,163 [main] INFO  blockmanagement.BlockManager (BlockManager.java:<init>(470)) - maxReplicationStreams      = 2
2019-09-17 18:33:21,163 [main] INFO  blockmanagement.BlockManager (BlockManager.java:<init>(471)) - replicationRecheckInterval = 3000
2019-09-17 18:33:21,163 [main] INFO  blockmanagement.BlockManager (BlockManager.java:<init>(472)) - encryptDataTransfer        = false
2019-09-17 18:33:21,163 [main] INFO  blockmanagement.BlockManager (BlockManager.java:<init>(473)) - maxNumBlocksToLog          = 1000
2019-09-17 18:33:21,214 [main] INFO  namenode.FSDirectory (SerialNumberManager.java:initialize(77)) - GLOBAL serial map: bits=24 maxEntries=16777215
2019-09-17 18:33:21,236 [main] INFO  util.GSet (LightWeightGSet.java:computeCapacity(395)) - Computing capacity for map INodeMap
2019-09-17 18:33:21,236 [main] INFO  util.GSet (LightWeightGSet.java:computeCapacity(396)) - VM type       = 64-bit
2019-09-17 18:33:21,237 [main] INFO  util.GSet (LightWeightGSet.java:computeCapacity(397)) - 1.0% max memory 910.5 MB = 9.1 MB
2019-09-17 18:33:21,237 [main] INFO  util.GSet (LightWeightGSet.java:computeCapacity(402)) - capacity      = 2^20 = 1048576 entries
2019-09-17 18:33:21,237 [main] DEBUG util.GSet (LightWeightGSet.java:<init>(90)) - recommended=1048576, actual=1048576
2019-09-17 18:33:21,238 [main] INFO  namenode.FSDirectory (FSDirectory.java:<init>(276)) - ACLs enabled? false
2019-09-17 18:33:21,238 [main] INFO  namenode.FSDirectory (FSDirectory.java:<init>(280)) - XAttrs enabled? true
2019-09-17 18:33:21,239 [main] INFO  namenode.NameNode (FSDirectory.java:<init>(344)) - Caching file names occurring more than 10 times
2019-09-17 18:33:21,249 [main] INFO  util.GSet (LightWeightGSet.java:computeCapacity(395)) - Computing capacity for map cachedBlocks
2019-09-17 18:33:21,250 [main] INFO  util.GSet (LightWeightGSet.java:computeCapacity(396)) - VM type       = 64-bit
2019-09-17 18:33:21,250 [main] INFO  util.GSet (LightWeightGSet.java:computeCapacity(397)) - 0.25% max memory 910.5 MB = 2.3 MB
2019-09-17 18:33:21,250 [main] INFO  util.GSet (LightWeightGSet.java:computeCapacity(402)) - capacity      = 2^18 = 262144 entries
2019-09-17 18:33:21,250 [main] DEBUG util.GSet (LightWeightGSet.java:<init>(90)) - recommended=262144, actual=262144
2019-09-17 18:33:21,281 [main] INFO  metrics.TopMetrics (TopMetrics.java:logConf(76)) - NNTop conf: dfs.namenode.top.window.num.buckets = 10
2019-09-17 18:33:21,281 [main] INFO  metrics.TopMetrics (TopMetrics.java:logConf(78)) - NNTop conf: dfs.namenode.top.num.users = 10
2019-09-17 18:33:21,281 [main] INFO  metrics.TopMetrics (TopMetrics.java:logConf(80)) - NNTop conf: dfs.namenode.top.windows.minutes = 1,5,25
2019-09-17 18:33:21,286 [main] DEBUG impl.MetricsSystemImpl (MetricsSystemImpl.java:register(231)) - NNTopUserOpCounts, Top N operations by user
2019-09-17 18:33:21,290 [main] INFO  util.GSet (LightWeightGSet.java:computeCapacity(395)) - Computing capacity for map NameNodeRetryCache
2019-09-17 18:33:21,290 [main] INFO  util.GSet (LightWeightGSet.java:computeCapacity(396)) - VM type       = 64-bit
2019-09-17 18:33:21,290 [main] INFO  util.GSet (LightWeightGSet.java:computeCapacity(397)) - 0.029999999329447746% max memory 910.5 MB = 279.7 KB
2019-09-17 18:33:21,290 [main] INFO  util.GSet (LightWeightGSet.java:computeCapacity(402)) - capacity      = 2^15 = 32768 entries
2019-09-17 18:33:21,291 [main] DEBUG util.GSet (LightWeightGSet.java:<init>(90)) - recommended=32768, actual=32768
2019-09-17 18:33:21,292 [main] DEBUG metrics.RetryCacheMetrics (RetryCacheMetrics.java:<init>(46)) - Initialized MetricsRegistry{info=MetricsInfoImpl{name=RetryCache.NameNodeRetryCache, description=RetryCache.NameNodeRetryCache}, tags=[], metrics=[]}
2019-09-17 18:33:21,293 [main] DEBUG lib.MutableMetricsFactory (MutableMetricsFactory.java:newForField(43)) - field org.apache.hadoop.metrics2.lib.MutableCounterLong org.apache.hadoop.ipc.metrics.RetryCacheMetrics.cacheHit with annotation @org.apache.hadoop.metrics2.annotation.Metric(always=false, sampleName=Ops, valueName=Time, about=, interval=10, type=DEFAULT, value=[Number of RetryCache hit])
2019-09-17 18:33:21,293 [main] DEBUG lib.MutableMetricsFactory (MutableMetricsFactory.java:newForField(43)) - field org.apache.hadoop.metrics2.lib.MutableCounterLong org.apache.hadoop.ipc.metrics.RetryCacheMetrics.cacheCleared with annotation @org.apache.hadoop.metrics2.annotation.Metric(always=false, sampleName=Ops, valueName=Time, about=, interval=10, type=DEFAULT, value=[Number of RetryCache cleared])
2019-09-17 18:33:21,294 [main] DEBUG lib.MutableMetricsFactory (MutableMetricsFactory.java:newForField(43)) - field org.apache.hadoop.metrics2.lib.MutableCounterLong org.apache.hadoop.ipc.metrics.RetryCacheMetrics.cacheUpdated with annotation @org.apache.hadoop.metrics2.annotation.Metric(always=false, sampleName=Ops, valueName=Time, about=, interval=10, type=DEFAULT, value=[Number of RetryCache updated])
2019-09-17 18:33:21,294 [main] DEBUG impl.MetricsSystemImpl (MetricsSystemImpl.java:register(231)) - RetryCache.NameNodeRetryCache, Aggregate RetryCache metrics
2019-09-17 18:33:21,491 [FSImageSaver for C:\depot\adls-migrator\target\test-dir\dfs\name-0-1 of type IMAGE_AND_EDITS] INFO  namenode.FSImageFormatProtobuf (FSImageFormatProtobuf.java:save(486)) - Saving image file C:\depot\adls-migrator\target\test-dir\dfs\name-0-1\current\fsimage.ckpt_0000000000000000000 using no compression
2019-09-17 18:33:21,507 [FSImageSaver for C:\depot\adls-migrator\target\test-dir\dfs\name-0-2 of type IMAGE_AND_EDITS] INFO  namenode.FSImageFormatProtobuf (FSImageFormatProtobuf.java:save(486)) - Saving image file C:\depot\adls-migrator\target\test-dir\dfs\name-0-2\current\fsimage.ckpt_0000000000000000000 using no compression
2019-09-17 18:33:21,608 [FSImageSaver for C:\depot\adls-migrator\target\test-dir\dfs\name-0-1 of type IMAGE_AND_EDITS] INFO  namenode.FSImageFormatProtobuf (FSImageFormatProtobuf.java:save(490)) - Image file C:\depot\adls-migrator\target\test-dir\dfs\name-0-1\current\fsimage.ckpt_0000000000000000000 of size 327 bytes saved in 0 seconds .
2019-09-17 18:33:21,610 [FSImageSaver for C:\depot\adls-migrator\target\test-dir\dfs\name-0-2 of type IMAGE_AND_EDITS] INFO  namenode.FSImageFormatProtobuf (FSImageFormatProtobuf.java:save(490)) - Image file C:\depot\adls-migrator\target\test-dir\dfs\name-0-2\current\fsimage.ckpt_0000000000000000000 of size 327 bytes saved in 0 seconds .
2019-09-17 18:33:21,653 [main] INFO  namenode.NameNode (NameNode.java:createNameNode(1633)) - createNameNode []
2019-09-17 18:33:21,660 [main] DEBUG impl.MetricsSystemImpl (MetricsSystemImpl.java:initMode(623)) - from system property: null
2019-09-17 18:33:21,660 [main] DEBUG impl.MetricsSystemImpl (MetricsSystemImpl.java:initMode(624)) - from environment variable: null
2019-09-17 18:33:21,691 [main] WARN  impl.MetricsConfig (MetricsConfig.java:loadFirst(128)) - Cannot locate configuration: tried hadoop-metrics2-namenode.properties,hadoop-metrics2.properties
2019-09-17 18:33:21,707 [main] DEBUG impl.MetricsConfig (MetricsConfig.java:getProperty(183)) - poking parent 'PropertiesConfiguration' for key: period
2019-09-17 18:33:21,707 [main] DEBUG impl.MetricsConfig (MetricsConfig.java:getProperty(183)) - poking parent 'PropertiesConfiguration' for key: periodMillis
2019-09-17 18:33:21,707 [main] DEBUG lib.MutableMetricsFactory (MutableMetricsFactory.java:newForField(43)) - field org.apache.hadoop.metrics2.lib.MutableStat org.apache.hadoop.metrics2.impl.MetricsSystemImpl.snapshotStat with annotation @org.apache.hadoop.metrics2.annotation.Metric(always=false, sampleName=Ops, valueName=Time, about=, interval=10, type=DEFAULT, value=[Snapshot, Snapshot stats])
2019-09-17 18:33:21,707 [main] DEBUG lib.MutableMetricsFactory (MutableMetricsFactory.java:newForField(43)) - field org.apache.hadoop.metrics2.lib.MutableStat org.apache.hadoop.metrics2.impl.MetricsSystemImpl.publishStat with annotation @org.apache.hadoop.metrics2.annotation.Metric(always=false, sampleName=Ops, valueName=Time, about=, interval=10, type=DEFAULT, value=[Publish, Publishing stats])
2019-09-17 18:33:21,707 [main] DEBUG lib.MutableMetricsFactory (MutableMetricsFactory.java:newForField(43)) - field org.apache.hadoop.metrics2.lib.MutableCounterLong org.apache.hadoop.metrics2.impl.MetricsSystemImpl.droppedPubAll with annotation @org.apache.hadoop.metrics2.annotation.Metric(always=false, sampleName=Ops, valueName=Time, about=, interval=10, type=DEFAULT, value=[Dropped updates by all sinks])
2019-09-17 18:33:21,707 [main] DEBUG impl.MetricsConfig (MetricsConfig.java:getProperty(183)) - poking parent 'PropertiesConfiguration' for key: source.source.start_mbeans
2019-09-17 18:33:21,707 [main] DEBUG impl.MetricsConfig (MetricsConfig.java:getProperty(183)) - poking parent 'MetricsConfig' for key: source.start_mbeans
2019-09-17 18:33:21,707 [main] DEBUG impl.MetricsConfig (MetricsConfig.java:getProperty(183)) - poking parent 'PropertiesConfiguration' for key: *.source.start_mbeans
2019-09-17 18:33:21,770 [main] DEBUG impl.MetricsSourceAdapter (MetricsSourceAdapter.java:updateAttrCache(253)) - Updating attr cache...
2019-09-17 18:33:21,770 [main] DEBUG impl.MetricsSourceAdapter (MetricsSourceAdapter.java:updateAttrCache(267)) - Done. # tags & metrics=10
2019-09-17 18:33:21,770 [main] DEBUG impl.MetricsSourceAdapter (MetricsSourceAdapter.java:updateInfoCache(246)) - Updating info cache...
2019-09-17 18:33:21,770 [main] DEBUG impl.MetricsSystemImpl (MBeanInfoBuilder.java:get(109)) - [javax.management.MBeanAttributeInfo[description=Metrics context, name=tag.Context, type=java.lang.String, read-only, descriptor={}], javax.management.MBeanAttributeInfo[description=Number of active metrics sources, name=NumActiveSources, type=java.lang.Integer, read-only, descriptor={}], javax.management.MBeanAttributeInfo[description=Number of all registered metrics sources, name=NumAllSources, type=java.lang.Integer, read-only, descriptor={}], javax.management.MBeanAttributeInfo[description=Number of active metrics sinks, name=NumActiveSinks, type=java.lang.Integer, read-only, descriptor={}], javax.management.MBeanAttributeInfo[description=Number of all registered metrics sinks, name=NumAllSinks, type=java.lang.Integer, read-only, descriptor={}], javax.management.MBeanAttributeInfo[description=Number of ops for snapshot stats, name=SnapshotNumOps, type=java.lang.Long, read-only, descriptor={}], javax.management.MBeanAttributeInfo[description=Average time for snapshot stats, name=SnapshotAvgTime, type=java.lang.Double, read-only, descriptor={}], javax.management.MBeanAttributeInfo[description=Number of ops for publishing stats, name=PublishNumOps, type=java.lang.Long, read-only, descriptor={}], javax.management.MBeanAttributeInfo[description=Average time for publishing stats, name=PublishAvgTime, type=java.lang.Double, read-only, descriptor={}], javax.management.MBeanAttributeInfo[description=Dropped updates by all sinks, name=DroppedPubAll, type=java.lang.Long, read-only, descriptor={}]]
2019-09-17 18:33:21,770 [main] DEBUG impl.MetricsSourceAdapter (MetricsSourceAdapter.java:updateInfoCache(248)) - Done
2019-09-17 18:33:21,770 [main] DEBUG util.MBeans (MBeans.java:register(67)) - Registered Hadoop:service=NameNode,name=MetricsSystem,sub=Stats
2019-09-17 18:33:21,770 [main] DEBUG impl.MetricsSourceAdapter (MetricsSourceAdapter.java:startMBeans(224)) - MBean for source MetricsSystem,sub=Stats registered.
2019-09-17 18:33:21,770 [main] INFO  impl.MetricsSystemImpl (MetricsSystemImpl.java:startTimer(374)) - Scheduled Metric snapshot period at 10 second(s).
2019-09-17 18:33:21,770 [main] INFO  impl.MetricsSystemImpl (MetricsSystemImpl.java:start(191)) - NameNode metrics system started
2019-09-17 18:33:21,770 [main] DEBUG impl.MetricsConfig (MetricsConfig.java:getProperty(183)) - poking parent 'PropertiesConfiguration' for key: source.source.start_mbeans
2019-09-17 18:33:21,770 [main] DEBUG impl.MetricsConfig (MetricsConfig.java:getProperty(183)) - poking parent 'MetricsConfig' for key: source.start_mbeans
2019-09-17 18:33:21,770 [main] DEBUG impl.MetricsConfig (MetricsConfig.java:getProperty(183)) - poking parent 'PropertiesConfiguration' for key: *.source.start_mbeans
2019-09-17 18:33:21,770 [main] DEBUG impl.MetricsSourceAdapter (MetricsSourceAdapter.java:updateAttrCache(253)) - Updating attr cache...
2019-09-17 18:33:21,770 [main] DEBUG impl.MetricsSourceAdapter (MetricsSourceAdapter.java:updateAttrCache(267)) - Done. # tags & metrics=10
2019-09-17 18:33:21,770 [main] DEBUG impl.MetricsSourceAdapter (MetricsSourceAdapter.java:updateInfoCache(246)) - Updating info cache...
2019-09-17 18:33:21,770 [main] DEBUG impl.MetricsSystemImpl (MBeanInfoBuilder.java:get(109)) - [javax.management.MBeanAttributeInfo[description=Metrics context, name=tag.Context, type=java.lang.String, read-only, descriptor={}], javax.management.MBeanAttributeInfo[description=Local hostname, name=tag.Hostname, type=java.lang.String, read-only, descriptor={}], javax.management.MBeanAttributeInfo[description=Number of ops for rate of successful kerberos logins and latency (milliseconds), name=LoginSuccessNumOps, type=java.lang.Long, read-only, descriptor={}], javax.management.MBeanAttributeInfo[description=Average time for rate of successful kerberos logins and latency (milliseconds), name=LoginSuccessAvgTime, type=java.lang.Double, read-only, descriptor={}], javax.management.MBeanAttributeInfo[description=Number of ops for rate of failed kerberos logins and latency (milliseconds), name=LoginFailureNumOps, type=java.lang.Long, read-only, descriptor={}], javax.management.MBeanAttributeInfo[description=Average time for rate of failed kerberos logins and latency (milliseconds), name=LoginFailureAvgTime, type=java.lang.Double, read-only, descriptor={}], javax.management.MBeanAttributeInfo[description=Number of ops for getGroups, name=GetGroupsNumOps, type=java.lang.Long, read-only, descriptor={}], javax.management.MBeanAttributeInfo[description=Average time for getGroups, name=GetGroupsAvgTime, type=java.lang.Double, read-only, descriptor={}], javax.management.MBeanAttributeInfo[description=Renewal failures since startup, name=RenewalFailuresTotal, type=java.lang.Long, read-only, descriptor={}], javax.management.MBeanAttributeInfo[description=Renewal failures since last successful login, name=RenewalFailures, type=java.lang.Integer, read-only, descriptor={}]]
2019-09-17 18:33:21,770 [main] DEBUG impl.MetricsSourceAdapter (MetricsSourceAdapter.java:updateInfoCache(248)) - Done
2019-09-17 18:33:21,770 [main] DEBUG util.MBeans (MBeans.java:register(67)) - Registered Hadoop:service=NameNode,name=UgiMetrics
2019-09-17 18:33:21,770 [main] DEBUG impl.MetricsSourceAdapter (MetricsSourceAdapter.java:startMBeans(224)) - MBean for source UgiMetrics registered.
2019-09-17 18:33:21,770 [main] DEBUG impl.MetricsSystemImpl (MetricsSystemImpl.java:registerSource(269)) - Registered source UgiMetrics
2019-09-17 18:33:21,770 [main] DEBUG impl.MetricsConfig (MetricsConfig.java:getProperty(183)) - poking parent 'PropertiesConfiguration' for key: source.source.start_mbeans
2019-09-17 18:33:21,770 [main] DEBUG impl.MetricsConfig (MetricsConfig.java:getProperty(183)) - poking parent 'MetricsConfig' for key: source.start_mbeans
2019-09-17 18:33:21,770 [main] DEBUG impl.MetricsConfig (MetricsConfig.java:getProperty(183)) - poking parent 'PropertiesConfiguration' for key: *.source.start_mbeans
2019-09-17 18:33:21,770 [main] DEBUG window.RollingWindowManager (RollingWindowManager.java:snapshot(193)) - iterating in reported metrics, size=0 values=[]
2019-09-17 18:33:21,770 [main] DEBUG window.RollingWindowManager (RollingWindowManager.java:snapshot(193)) - iterating in reported metrics, size=0 values=[]
2019-09-17 18:33:21,770 [main] DEBUG window.RollingWindowManager (RollingWindowManager.java:snapshot(193)) - iterating in reported metrics, size=0 values=[]
2019-09-17 18:33:21,770 [main] DEBUG impl.MetricsSourceAdapter (MetricsSourceAdapter.java:updateAttrCache(253)) - Updating attr cache...
2019-09-17 18:33:21,785 [main] DEBUG impl.MetricsSourceAdapter (MetricsSourceAdapter.java:updateAttrCache(267)) - Done. # tags & metrics=6
2019-09-17 18:33:21,785 [main] DEBUG impl.MetricsSourceAdapter (MetricsSourceAdapter.java:updateInfoCache(246)) - Updating info cache...
2019-09-17 18:33:21,785 [main] DEBUG impl.MetricsSystemImpl (MBeanInfoBuilder.java:get(109)) - [javax.management.MBeanAttributeInfo[description=Metrics context, name=tag.Context, type=java.lang.String, read-only, descriptor={}], javax.management.MBeanAttributeInfo[description=Local hostname, name=tag.Hostname, type=java.lang.String, read-only, descriptor={}], javax.management.MBeanAttributeInfo[description=Metrics context, name=tag.Context.1, type=java.lang.String, read-only, descriptor={}], javax.management.MBeanAttributeInfo[description=Local hostname, name=tag.Hostname.1, type=java.lang.String, read-only, descriptor={}], javax.management.MBeanAttributeInfo[description=Metrics context, name=tag.Context.2, type=java.lang.String, read-only, descriptor={}], javax.management.MBeanAttributeInfo[description=Local hostname, name=tag.Hostname.2, type=java.lang.String, read-only, descriptor={}]]
2019-09-17 18:33:21,785 [main] DEBUG impl.MetricsSourceAdapter (MetricsSourceAdapter.java:updateInfoCache(248)) - Done
2019-09-17 18:33:21,785 [main] DEBUG util.MBeans (MBeans.java:register(67)) - Registered Hadoop:service=NameNode,name=NNTopUserOpCounts
2019-09-17 18:33:21,785 [main] DEBUG impl.MetricsSourceAdapter (MetricsSourceAdapter.java:startMBeans(224)) - MBean for source NNTopUserOpCounts registered.
2019-09-17 18:33:21,785 [main] DEBUG impl.MetricsSystemImpl (MetricsSystemImpl.java:registerSource(269)) - Registered source NNTopUserOpCounts
2019-09-17 18:33:21,785 [main] DEBUG impl.MetricsConfig (MetricsConfig.java:getProperty(183)) - poking parent 'PropertiesConfiguration' for key: source.source.start_mbeans
2019-09-17 18:33:21,785 [main] DEBUG impl.MetricsConfig (MetricsConfig.java:getProperty(183)) - poking parent 'MetricsConfig' for key: source.start_mbeans
2019-09-17 18:33:21,785 [main] DEBUG impl.MetricsConfig (MetricsConfig.java:getProperty(183)) - poking parent 'PropertiesConfiguration' for key: *.source.start_mbeans
2019-09-17 18:33:21,785 [main] DEBUG impl.MetricsSourceAdapter (MetricsSourceAdapter.java:updateAttrCache(253)) - Updating attr cache...
2019-09-17 18:33:21,785 [main] DEBUG impl.MetricsSourceAdapter (MetricsSourceAdapter.java:updateAttrCache(267)) - Done. # tags & metrics=5
2019-09-17 18:33:21,785 [main] DEBUG impl.MetricsSourceAdapter (MetricsSourceAdapter.java:updateInfoCache(246)) - Updating info cache...
2019-09-17 18:33:21,785 [main] DEBUG impl.MetricsSystemImpl (MBeanInfoBuilder.java:get(109)) - [javax.management.MBeanAttributeInfo[description=Metrics context, name=tag.Context, type=java.lang.String, read-only, descriptor={}], javax.management.MBeanAttributeInfo[description=Local hostname, name=tag.Hostname, type=java.lang.String, read-only, descriptor={}], javax.management.MBeanAttributeInfo[description=Number of RetryCache hit, name=CacheHit, type=java.lang.Long, read-only, descriptor={}], javax.management.MBeanAttributeInfo[description=Number of RetryCache cleared, name=CacheCleared, type=java.lang.Long, read-only, descriptor={}], javax.management.MBeanAttributeInfo[description=Number of RetryCache updated, name=CacheUpdated, type=java.lang.Long, read-only, descriptor={}]]
2019-09-17 18:33:21,785 [main] DEBUG impl.MetricsSourceAdapter (MetricsSourceAdapter.java:updateInfoCache(248)) - Done
2019-09-17 18:33:21,785 [main] DEBUG util.MBeans (MBeans.java:register(67)) - Registered Hadoop:service=NameNode,name=RetryCache.NameNodeRetryCache
2019-09-17 18:33:21,785 [main] DEBUG impl.MetricsSourceAdapter (MetricsSourceAdapter.java:startMBeans(224)) - MBean for source RetryCache.NameNodeRetryCache registered.
2019-09-17 18:33:21,785 [main] DEBUG impl.MetricsSystemImpl (MetricsSystemImpl.java:registerSource(269)) - Registered source RetryCache.NameNodeRetryCache
2019-09-17 18:33:21,785 [main] DEBUG util.MBeans (MBeans.java:register(67)) - Registered Hadoop:service=NameNode,name=MetricsSystem,sub=Control
2019-09-17 18:33:21,816 [main] DEBUG core.Tracer (Tracer.java:loadSamplers(106)) - sampler.classes = ; loaded no samplers
2019-09-17 18:33:21,863 [main] DEBUG core.Tracer (Tracer.java:loadSpanReceivers(128)) - span.receiver.classes = ; loaded no span receivers
2019-09-17 18:33:21,863 [main] INFO  namenode.NameNode (NameNode.java:setClientNamenodeAddress(468)) - fs.defaultFS is hdfs://127.0.0.1:0
2019-09-17 18:33:21,863 [main] DEBUG namenode.NameNode (NameNode.java:initializeGenericKeys(1754)) - Setting fs.defaultFS to hdfs://127.0.0.1:0
2019-09-17 18:33:21,894 [main] DEBUG impl.MetricsSystemImpl (MetricsSystemImpl.java:register(231)) - JvmMetrics, JVM related metrics etc.
2019-09-17 18:33:21,894 [main] DEBUG impl.MetricsConfig (MetricsConfig.java:getProperty(183)) - poking parent 'PropertiesConfiguration' for key: source.source.start_mbeans
2019-09-17 18:33:21,894 [main] DEBUG impl.MetricsConfig (MetricsConfig.java:getProperty(183)) - poking parent 'MetricsConfig' for key: source.start_mbeans
2019-09-17 18:33:21,894 [main] DEBUG impl.MetricsConfig (MetricsConfig.java:getProperty(183)) - poking parent 'PropertiesConfiguration' for key: *.source.start_mbeans
2019-09-17 18:33:21,894 [main] DEBUG impl.MetricsSourceAdapter (MetricsSourceAdapter.java:updateAttrCache(253)) - Updating attr cache...
2019-09-17 18:33:21,894 [main] DEBUG impl.MetricsSourceAdapter (MetricsSourceAdapter.java:updateAttrCache(267)) - Done. # tags & metrics=27
2019-09-17 18:33:21,894 [main] DEBUG impl.MetricsSourceAdapter (MetricsSourceAdapter.java:updateInfoCache(246)) - Updating info cache...
2019-09-17 18:33:21,894 [main] DEBUG impl.MetricsSystemImpl (MBeanInfoBuilder.java:get(109)) - [javax.management.MBeanAttributeInfo[description=Metrics context, name=tag.Context, type=java.lang.String, read-only, descriptor={}], javax.management.MBeanAttributeInfo[description=Process name, name=tag.ProcessName, type=java.lang.String, read-only, descriptor={}], javax.management.MBeanAttributeInfo[description=Session ID, name=tag.SessionId, type=java.lang.String, read-only, descriptor={}], javax.management.MBeanAttributeInfo[description=Local hostname, name=tag.Hostname, type=java.lang.String, read-only, descriptor={}], javax.management.MBeanAttributeInfo[description=Non-heap memory used in MB, name=MemNonHeapUsedM, type=java.lang.Float, read-only, descriptor={}], javax.management.MBeanAttributeInfo[description=Non-heap memory committed in MB, name=MemNonHeapCommittedM, type=java.lang.Float, read-only, descriptor={}], javax.management.MBeanAttributeInfo[description=Non-heap memory max in MB, name=MemNonHeapMaxM, type=java.lang.Float, read-only, descriptor={}], javax.management.MBeanAttributeInfo[description=Heap memory used in MB, name=MemHeapUsedM, type=java.lang.Float, read-only, descriptor={}], javax.management.MBeanAttributeInfo[description=Heap memory committed in MB, name=MemHeapCommittedM, type=java.lang.Float, read-only, descriptor={}], javax.management.MBeanAttributeInfo[description=Heap memory max in MB, name=MemHeapMaxM, type=java.lang.Float, read-only, descriptor={}], javax.management.MBeanAttributeInfo[description=Max memory size in MB, name=MemMaxM, type=java.lang.Float, read-only, descriptor={}], javax.management.MBeanAttributeInfo[description=GC Count for PS Scavenge, name=GcCountPS Scavenge, type=java.lang.Long, read-only, descriptor={}], javax.management.MBeanAttributeInfo[description=GC Time for PS Scavenge, name=GcTimeMillisPS Scavenge, type=java.lang.Long, read-only, descriptor={}], javax.management.MBeanAttributeInfo[description=GC Count for PS MarkSweep, name=GcCountPS MarkSweep, type=java.lang.Long, read-only, descriptor={}], javax.management.MBeanAttributeInfo[description=GC Time for PS MarkSweep, name=GcTimeMillisPS MarkSweep, type=java.lang.Long, read-only, descriptor={}], javax.management.MBeanAttributeInfo[description=Total GC count, name=GcCount, type=java.lang.Long, read-only, descriptor={}], javax.management.MBeanAttributeInfo[description=Total GC time in milliseconds, name=GcTimeMillis, type=java.lang.Long, read-only, descriptor={}], javax.management.MBeanAttributeInfo[description=Number of new threads, name=ThreadsNew, type=java.lang.Integer, read-only, descriptor={}], javax.management.MBeanAttributeInfo[description=Number of runnable threads, name=ThreadsRunnable, type=java.lang.Integer, read-only, descriptor={}], javax.management.MBeanAttributeInfo[description=Number of blocked threads, name=ThreadsBlocked, type=java.lang.Integer, read-only, descriptor={}], javax.management.MBeanAttributeInfo[description=Number of waiting threads, name=ThreadsWaiting, type=java.lang.Integer, read-only, descriptor={}], javax.management.MBeanAttributeInfo[description=Number of timed waiting threads, name=ThreadsTimedWaiting, type=java.lang.Integer, read-only, descriptor={}], javax.management.MBeanAttributeInfo[description=Number of terminated threads, name=ThreadsTerminated, type=java.lang.Integer, read-only, descriptor={}], javax.management.MBeanAttributeInfo[description=Total number of fatal log events, name=LogFatal, type=java.lang.Long, read-only, descriptor={}], javax.management.MBeanAttributeInfo[description=Total number of error log events, name=LogError, type=java.lang.Long, read-only, descriptor={}], javax.management.MBeanAttributeInfo[description=Total number of warning log events, name=LogWarn, type=java.lang.Long, read-only, descriptor={}], javax.management.MBeanAttributeInfo[description=Total number of info log events, name=LogInfo, type=java.lang.Long, read-only, descriptor={}]]
2019-09-17 18:33:21,894 [main] DEBUG impl.MetricsSourceAdapter (MetricsSourceAdapter.java:updateInfoCache(248)) - Done
2019-09-17 18:33:21,894 [main] DEBUG util.MBeans (MBeans.java:register(67)) - Registered Hadoop:service=NameNode,name=JvmMetrics
2019-09-17 18:33:21,894 [main] DEBUG impl.MetricsSourceAdapter (MetricsSourceAdapter.java:startMBeans(224)) - MBean for source JvmMetrics registered.
2019-09-17 18:33:21,894 [main] DEBUG impl.MetricsSystemImpl (MetricsSystemImpl.java:registerSource(269)) - Registered source JvmMetrics
2019-09-17 18:33:21,894 [main] DEBUG lib.MutableMetricsFactory (MutableMetricsFactory.java:newForField(43)) - field org.apache.hadoop.metrics2.lib.MutableCounterLong org.apache.hadoop.hdfs.server.namenode.metrics.NameNodeMetrics.createFileOps with annotation @org.apache.hadoop.metrics2.annotation.Metric(always=false, sampleName=Ops, valueName=Time, about=, interval=10, type=DEFAULT, value=[])
2019-09-17 18:33:21,894 [main] DEBUG lib.MutableMetricsFactory (MutableMetricsFactory.java:newForField(43)) - field org.apache.hadoop.metrics2.lib.MutableCounterLong org.apache.hadoop.hdfs.server.namenode.metrics.NameNodeMetrics.filesCreated with annotation @org.apache.hadoop.metrics2.annotation.Metric(always=false, sampleName=Ops, valueName=Time, about=, interval=10, type=DEFAULT, value=[])
2019-09-17 18:33:21,894 [main] DEBUG lib.MutableMetricsFactory (MutableMetricsFactory.java:newForField(43)) - field org.apache.hadoop.metrics2.lib.MutableCounterLong org.apache.hadoop.hdfs.server.namenode.metrics.NameNodeMetrics.filesAppended with annotation @org.apache.hadoop.metrics2.annotation.Metric(always=false, sampleName=Ops, valueName=Time, about=, interval=10, type=DEFAULT, value=[])
2019-09-17 18:33:21,894 [main] DEBUG lib.MutableMetricsFactory (MutableMetricsFactory.java:newForField(43)) - field org.apache.hadoop.metrics2.lib.MutableCounterLong org.apache.hadoop.hdfs.server.namenode.metrics.NameNodeMetrics.getBlockLocations with annotation @org.apache.hadoop.metrics2.annotation.Metric(always=false, sampleName=Ops, valueName=Time, about=, interval=10, type=DEFAULT, value=[])
2019-09-17 18:33:21,894 [main] DEBUG lib.MutableMetricsFactory (MutableMetricsFactory.java:newForField(43)) - field org.apache.hadoop.metrics2.lib.MutableCounterLong org.apache.hadoop.hdfs.server.namenode.metrics.NameNodeMetrics.filesRenamed with annotation @org.apache.hadoop.metrics2.annotation.Metric(always=false, sampleName=Ops, valueName=Time, about=, interval=10, type=DEFAULT, value=[])
2019-09-17 18:33:21,894 [main] DEBUG lib.MutableMetricsFactory (MutableMetricsFactory.java:newForField(43)) - field org.apache.hadoop.metrics2.lib.MutableCounterLong org.apache.hadoop.hdfs.server.namenode.metrics.NameNodeMetrics.filesTruncated with annotation @org.apache.hadoop.metrics2.annotation.Metric(always=false, sampleName=Ops, valueName=Time, about=, interval=10, type=DEFAULT, value=[])
2019-09-17 18:33:21,894 [main] DEBUG lib.MutableMetricsFactory (MutableMetricsFactory.java:newForField(43)) - field org.apache.hadoop.metrics2.lib.MutableCounterLong org.apache.hadoop.hdfs.server.namenode.metrics.NameNodeMetrics.getListingOps with annotation @org.apache.hadoop.metrics2.annotation.Metric(always=false, sampleName=Ops, valueName=Time, about=, interval=10, type=DEFAULT, value=[])
2019-09-17 18:33:21,894 [main] DEBUG lib.MutableMetricsFactory (MutableMetricsFactory.java:newForField(43)) - field org.apache.hadoop.metrics2.lib.MutableCounterLong org.apache.hadoop.hdfs.server.namenode.metrics.NameNodeMetrics.deleteFileOps with annotation @org.apache.hadoop.metrics2.annotation.Metric(always=false, sampleName=Ops, valueName=Time, about=, interval=10, type=DEFAULT, value=[])
2019-09-17 18:33:21,894 [main] DEBUG lib.MutableMetricsFactory (MutableMetricsFactory.java:newForField(43)) - field org.apache.hadoop.metrics2.lib.MutableCounterLong org.apache.hadoop.hdfs.server.namenode.metrics.NameNodeMetrics.filesDeleted with annotation @org.apache.hadoop.metrics2.annotation.Metric(always=false, sampleName=Ops, valueName=Time, about=, interval=10, type=DEFAULT, value=[Number of files/dirs deleted by delete or rename operations])
2019-09-17 18:33:21,894 [main] DEBUG lib.MutableMetricsFactory (MutableMetricsFactory.java:newForField(43)) - field org.apache.hadoop.metrics2.lib.MutableCounterLong org.apache.hadoop.hdfs.server.namenode.metrics.NameNodeMetrics.fileInfoOps with annotation @org.apache.hadoop.metrics2.annotation.Metric(always=false, sampleName=Ops, valueName=Time, about=, interval=10, type=DEFAULT, value=[])
2019-09-17 18:33:21,894 [main] DEBUG lib.MutableMetricsFactory (MutableMetricsFactory.java:newForField(43)) - field org.apache.hadoop.metrics2.lib.MutableCounterLong org.apache.hadoop.hdfs.server.namenode.metrics.NameNodeMetrics.addBlockOps with annotation @org.apache.hadoop.metrics2.annotation.Metric(always=false, sampleName=Ops, valueName=Time, about=, interval=10, type=DEFAULT, value=[])
2019-09-17 18:33:21,894 [main] DEBUG lib.MutableMetricsFactory (MutableMetricsFactory.java:newForField(43)) - field org.apache.hadoop.metrics2.lib.MutableCounterLong org.apache.hadoop.hdfs.server.namenode.metrics.NameNodeMetrics.getAdditionalDatanodeOps with annotation @org.apache.hadoop.metrics2.annotation.Metric(always=false, sampleName=Ops, valueName=Time, about=, interval=10, type=DEFAULT, value=[])
2019-09-17 18:33:21,894 [main] DEBUG lib.MutableMetricsFactory (MutableMetricsFactory.java:newForField(43)) - field org.apache.hadoop.metrics2.lib.MutableCounterLong org.apache.hadoop.hdfs.server.namenode.metrics.NameNodeMetrics.createSymlinkOps with annotation @org.apache.hadoop.metrics2.annotation.Metric(always=false, sampleName=Ops, valueName=Time, about=, interval=10, type=DEFAULT, value=[])
2019-09-17 18:33:21,894 [main] DEBUG lib.MutableMetricsFactory (MutableMetricsFactory.java:newForField(43)) - field org.apache.hadoop.metrics2.lib.MutableCounterLong org.apache.hadoop.hdfs.server.namenode.metrics.NameNodeMetrics.getLinkTargetOps with annotation @org.apache.hadoop.metrics2.annotation.Metric(always=false, sampleName=Ops, valueName=Time, about=, interval=10, type=DEFAULT, value=[])
2019-09-17 18:33:21,894 [main] DEBUG lib.MutableMetricsFactory (MutableMetricsFactory.java:newForField(43)) - field org.apache.hadoop.metrics2.lib.MutableCounterLong org.apache.hadoop.hdfs.server.namenode.metrics.NameNodeMetrics.filesInGetListingOps with annotation @org.apache.hadoop.metrics2.annotation.Metric(always=false, sampleName=Ops, valueName=Time, about=, interval=10, type=DEFAULT, value=[])
2019-09-17 18:33:21,894 [main] DEBUG lib.MutableMetricsFactory (MutableMetricsFactory.java:newForField(43)) - field org.apache.hadoop.metrics2.lib.MutableCounterLong org.apache.hadoop.hdfs.server.namenode.metrics.NameNodeMetrics.successfulReReplications with annotation @org.apache.hadoop.metrics2.annotation.Metric(always=false, sampleName=Ops, valueName=Time, about=, interval=10, type=DEFAULT, value=[Number of successful re-replications])
2019-09-17 18:33:21,894 [main] DEBUG lib.MutableMetricsFactory (MutableMetricsFactory.java:newForField(43)) - field org.apache.hadoop.metrics2.lib.MutableCounterLong org.apache.hadoop.hdfs.server.namenode.metrics.NameNodeMetrics.numTimesReReplicationNotScheduled with annotation @org.apache.hadoop.metrics2.annotation.Metric(always=false, sampleName=Ops, valueName=Time, about=, interval=10, type=DEFAULT, value=[Number of times we failed to schedule a block re-replication.])
2019-09-17 18:33:21,894 [main] DEBUG lib.MutableMetricsFactory (MutableMetricsFactory.java:newForField(43)) - field org.apache.hadoop.metrics2.lib.MutableCounterLong org.apache.hadoop.hdfs.server.namenode.metrics.NameNodeMetrics.timeoutReReplications with annotation @org.apache.hadoop.metrics2.annotation.Metric(always=false, sampleName=Ops, valueName=Time, about=, interval=10, type=DEFAULT, value=[Number of timed out block re-replications])
2019-09-17 18:33:21,894 [main] DEBUG lib.MutableMetricsFactory (MutableMetricsFactory.java:newForField(43)) - field org.apache.hadoop.metrics2.lib.MutableCounterLong org.apache.hadoop.hdfs.server.namenode.metrics.NameNodeMetrics.allowSnapshotOps with annotation @org.apache.hadoop.metrics2.annotation.Metric(always=false, sampleName=Ops, valueName=Time, about=, interval=10, type=DEFAULT, value=[Number of allowSnapshot operations])
2019-09-17 18:33:21,894 [main] DEBUG lib.MutableMetricsFactory (MutableMetricsFactory.java:newForField(43)) - field org.apache.hadoop.metrics2.lib.MutableCounterLong org.apache.hadoop.hdfs.server.namenode.metrics.NameNodeMetrics.disallowSnapshotOps with annotation @org.apache.hadoop.metrics2.annotation.Metric(always=false, sampleName=Ops, valueName=Time, about=, interval=10, type=DEFAULT, value=[Number of disallowSnapshot operations])
2019-09-17 18:33:21,894 [main] DEBUG lib.MutableMetricsFactory (MutableMetricsFactory.java:newForField(43)) - field org.apache.hadoop.metrics2.lib.MutableCounterLong org.apache.hadoop.hdfs.server.namenode.metrics.NameNodeMetrics.createSnapshotOps with annotation @org.apache.hadoop.metrics2.annotation.Metric(always=false, sampleName=Ops, valueName=Time, about=, interval=10, type=DEFAULT, value=[Number of createSnapshot operations])
2019-09-17 18:33:21,894 [main] DEBUG lib.MutableMetricsFactory (MutableMetricsFactory.java:newForField(43)) - field org.apache.hadoop.metrics2.lib.MutableCounterLong org.apache.hadoop.hdfs.server.namenode.metrics.NameNodeMetrics.deleteSnapshotOps with annotation @org.apache.hadoop.metrics2.annotation.Metric(always=false, sampleName=Ops, valueName=Time, about=, interval=10, type=DEFAULT, value=[Number of deleteSnapshot operations])
2019-09-17 18:33:21,894 [main] DEBUG lib.MutableMetricsFactory (MutableMetricsFactory.java:newForField(43)) - field org.apache.hadoop.metrics2.lib.MutableCounterLong org.apache.hadoop.hdfs.server.namenode.metrics.NameNodeMetrics.renameSnapshotOps with annotation @org.apache.hadoop.metrics2.annotation.Metric(always=false, sampleName=Ops, valueName=Time, about=, interval=10, type=DEFAULT, value=[Number of renameSnapshot operations])
2019-09-17 18:33:21,918 [main] DEBUG lib.MutableMetricsFactory (MutableMetricsFactory.java:newForField(43)) - field org.apache.hadoop.metrics2.lib.MutableCounterLong org.apache.hadoop.hdfs.server.namenode.metrics.NameNodeMetrics.listSnapshottableDirOps with annotation @org.apache.hadoop.metrics2.annotation.Metric(always=false, sampleName=Ops, valueName=Time, about=, interval=10, type=DEFAULT, value=[Number of listSnapshottableDirectory operations])
2019-09-17 18:33:21,918 [main] DEBUG lib.MutableMetricsFactory (MutableMetricsFactory.java:newForField(43)) - field org.apache.hadoop.metrics2.lib.MutableCounterLong org.apache.hadoop.hdfs.server.namenode.metrics.NameNodeMetrics.snapshotDiffReportOps with annotation @org.apache.hadoop.metrics2.annotation.Metric(always=false, sampleName=Ops, valueName=Time, about=, interval=10, type=DEFAULT, value=[Number of snapshotDiffReport operations])
2019-09-17 18:33:21,918 [main] DEBUG lib.MutableMetricsFactory (MutableMetricsFactory.java:newForField(43)) - field org.apache.hadoop.metrics2.lib.MutableCounterLong org.apache.hadoop.hdfs.server.namenode.metrics.NameNodeMetrics.blockReceivedAndDeletedOps with annotation @org.apache.hadoop.metrics2.annotation.Metric(always=false, sampleName=Ops, valueName=Time, about=, interval=10, type=DEFAULT, value=[Number of blockReceivedAndDeleted calls])
2019-09-17 18:33:21,988 [main] DEBUG lib.MutableMetricsFactory (MutableMetricsFactory.java:newForField(43)) - field org.apache.hadoop.metrics2.lib.MutableCounterLong org.apache.hadoop.hdfs.server.namenode.metrics.NameNodeMetrics.storageBlockReportOps with annotation @org.apache.hadoop.metrics2.annotation.Metric(always=false, sampleName=Ops, valueName=Time, about=, interval=10, type=DEFAULT, value=[Number of blockReports from individual storages])
2019-09-17 18:33:21,988 [main] DEBUG lib.MutableMetricsFactory (MutableMetricsFactory.java:newForField(43)) - field org.apache.hadoop.metrics2.lib.MutableGaugeInt org.apache.hadoop.hdfs.server.namenode.metrics.NameNodeMetrics.blockOpsQueued with annotation @org.apache.hadoop.metrics2.annotation.Metric(always=false, sampleName=Ops, valueName=Time, about=, interval=10, type=DEFAULT, value=[Number of blockReports and blockReceivedAndDeleted queued])
2019-09-17 18:33:21,988 [main] DEBUG lib.MutableMetricsFactory (MutableMetricsFactory.java:newForField(43)) - field org.apache.hadoop.metrics2.lib.MutableCounterLong org.apache.hadoop.hdfs.server.namenode.metrics.NameNodeMetrics.blockOpsBatched with annotation @org.apache.hadoop.metrics2.annotation.Metric(always=false, sampleName=Ops, valueName=Time, about=, interval=10, type=DEFAULT, value=[Number of blockReports and blockReceivedAndDeleted batch processed])
2019-09-17 18:33:21,988 [main] DEBUG lib.MutableMetricsFactory (MutableMetricsFactory.java:newForField(43)) - field org.apache.hadoop.metrics2.lib.MutableRate org.apache.hadoop.hdfs.server.namenode.metrics.NameNodeMetrics.transactions with annotation @org.apache.hadoop.metrics2.annotation.Metric(always=false, sampleName=Ops, valueName=Time, about=, interval=10, type=DEFAULT, value=[Journal transactions])
2019-09-17 18:33:21,988 [main] DEBUG lib.MutableMetricsFactory (MutableMetricsFactory.java:newForField(43)) - field org.apache.hadoop.metrics2.lib.MutableRate org.apache.hadoop.hdfs.server.namenode.metrics.NameNodeMetrics.syncs with annotation @org.apache.hadoop.metrics2.annotation.Metric(always=false, sampleName=Ops, valueName=Time, about=, interval=10, type=DEFAULT, value=[Journal syncs])
2019-09-17 18:33:21,988 [main] DEBUG lib.MutableMetricsFactory (MutableMetricsFactory.java:newForField(43)) - field org.apache.hadoop.metrics2.lib.MutableCounterLong org.apache.hadoop.hdfs.server.namenode.metrics.NameNodeMetrics.transactionsBatchedInSync with annotation @org.apache.hadoop.metrics2.annotation.Metric(always=false, sampleName=Ops, valueName=Time, about=, interval=10, type=DEFAULT, value=[Journal transactions batched in sync])
2019-09-17 18:33:21,988 [main] DEBUG lib.MutableMetricsFactory (MutableMetricsFactory.java:newForField(43)) - field org.apache.hadoop.metrics2.lib.MutableRate org.apache.hadoop.hdfs.server.namenode.metrics.NameNodeMetrics.blockReport with annotation @org.apache.hadoop.metrics2.annotation.Metric(always=false, sampleName=Ops, valueName=Time, about=, interval=10, type=DEFAULT, value=[Block report])
2019-09-17 18:33:21,988 [main] DEBUG lib.MutableMetricsFactory (MutableMetricsFactory.java:newForField(43)) - field org.apache.hadoop.metrics2.lib.MutableRate org.apache.hadoop.hdfs.server.namenode.metrics.NameNodeMetrics.cacheReport with annotation @org.apache.hadoop.metrics2.annotation.Metric(always=false, sampleName=Ops, valueName=Time, about=, interval=10, type=DEFAULT, value=[Cache report])
2019-09-17 18:33:22,003 [main] DEBUG lib.MutableMetricsFactory (MutableMetricsFactory.java:newForField(43)) - field private org.apache.hadoop.metrics2.lib.MutableRate org.apache.hadoop.hdfs.server.namenode.metrics.NameNodeMetrics.generateEDEKTime with annotation @org.apache.hadoop.metrics2.annotation.Metric(always=false, sampleName=Ops, valueName=Time, about=, interval=10, type=DEFAULT, value=[Generate EDEK time])
2019-09-17 18:33:22,003 [main] DEBUG lib.MutableMetricsFactory (MutableMetricsFactory.java:newForField(43)) - field private org.apache.hadoop.metrics2.lib.MutableRate org.apache.hadoop.hdfs.server.namenode.metrics.NameNodeMetrics.warmUpEDEKTime with annotation @org.apache.hadoop.metrics2.annotation.Metric(always=false, sampleName=Ops, valueName=Time, about=, interval=10, type=DEFAULT, value=[Warm-up EDEK time])
2019-09-17 18:33:22,003 [main] DEBUG lib.MutableMetricsFactory (MutableMetricsFactory.java:newForField(43)) - field private org.apache.hadoop.metrics2.lib.MutableRate org.apache.hadoop.hdfs.server.namenode.metrics.NameNodeMetrics.resourceCheckTime with annotation @org.apache.hadoop.metrics2.annotation.Metric(always=false, sampleName=Ops, valueName=Time, about=, interval=10, type=DEFAULT, value=[Resource check time])
2019-09-17 18:33:22,003 [main] DEBUG lib.MutableMetricsFactory (MutableMetricsFactory.java:newForField(43)) - field org.apache.hadoop.metrics2.lib.MutableGaugeInt org.apache.hadoop.hdfs.server.namenode.metrics.NameNodeMetrics.safeModeTime with annotation @org.apache.hadoop.metrics2.annotation.Metric(always=false, sampleName=Ops, valueName=Time, about=, interval=10, type=DEFAULT, value=[Duration in SafeMode at startup in msec])
2019-09-17 18:33:22,003 [main] DEBUG lib.MutableMetricsFactory (MutableMetricsFactory.java:newForField(43)) - field org.apache.hadoop.metrics2.lib.MutableGaugeInt org.apache.hadoop.hdfs.server.namenode.metrics.NameNodeMetrics.fsImageLoadTime with annotation @org.apache.hadoop.metrics2.annotation.Metric(always=false, sampleName=Ops, valueName=Time, about=, interval=10, type=DEFAULT, value=[Time loading FS Image at startup in msec])
2019-09-17 18:33:22,003 [main] DEBUG lib.MutableMetricsFactory (MutableMetricsFactory.java:newForField(43)) - field org.apache.hadoop.metrics2.lib.MutableRate org.apache.hadoop.hdfs.server.namenode.metrics.NameNodeMetrics.getEdit with annotation @org.apache.hadoop.metrics2.annotation.Metric(always=false, sampleName=Ops, valueName=Time, about=, interval=10, type=DEFAULT, value=[GetImageServlet getEdit])
2019-09-17 18:33:22,003 [main] DEBUG lib.MutableMetricsFactory (MutableMetricsFactory.java:newForField(43)) - field org.apache.hadoop.metrics2.lib.MutableRate org.apache.hadoop.hdfs.server.namenode.metrics.NameNodeMetrics.getImage with annotation @org.apache.hadoop.metrics2.annotation.Metric(always=false, sampleName=Ops, valueName=Time, about=, interval=10, type=DEFAULT, value=[GetImageServlet getImage])
2019-09-17 18:33:22,003 [main] DEBUG lib.MutableMetricsFactory (MutableMetricsFactory.java:newForField(43)) - field org.apache.hadoop.metrics2.lib.MutableRate org.apache.hadoop.hdfs.server.namenode.metrics.NameNodeMetrics.putImage with annotation @org.apache.hadoop.metrics2.annotation.Metric(always=false, sampleName=Ops, valueName=Time, about=, interval=10, type=DEFAULT, value=[GetImageServlet putImage])
2019-09-17 18:33:22,003 [main] DEBUG lib.MutableMetricsFactory (MutableMetricsFactory.java:newForMethod(97)) - method public long org.apache.hadoop.hdfs.server.namenode.metrics.NameNodeMetrics.totalFileOps() with annotation @org.apache.hadoop.metrics2.annotation.Metric(always=false, sampleName=Ops, valueName=Time, about=, interval=10, type=DEFAULT, value=[Number of file system operations])
2019-09-17 18:33:22,003 [main] DEBUG impl.MetricsSystemImpl (MetricsSystemImpl.java:register(231)) - NameNodeActivity, NameNode metrics
2019-09-17 18:33:22,003 [main] DEBUG impl.MetricsConfig (MetricsConfig.java:getProperty(183)) - poking parent 'PropertiesConfiguration' for key: source.source.start_mbeans
2019-09-17 18:33:22,003 [main] DEBUG impl.MetricsConfig (MetricsConfig.java:getProperty(183)) - poking parent 'MetricsConfig' for key: source.start_mbeans
2019-09-17 18:33:22,003 [main] DEBUG impl.MetricsConfig (MetricsConfig.java:getProperty(183)) - poking parent 'PropertiesConfiguration' for key: *.source.start_mbeans
2019-09-17 18:33:22,003 [main] DEBUG impl.MetricsSourceAdapter (MetricsSourceAdapter.java:updateAttrCache(253)) - Updating attr cache...
2019-09-17 18:33:22,003 [main] DEBUG impl.MetricsSourceAdapter (MetricsSourceAdapter.java:updateAttrCache(267)) - Done. # tags & metrics=57
2019-09-17 18:33:22,003 [main] DEBUG impl.MetricsSourceAdapter (MetricsSourceAdapter.java:updateInfoCache(246)) - Updating info cache...
2019-09-17 18:33:22,003 [main] DEBUG impl.MetricsSystemImpl (MBeanInfoBuilder.java:get(109)) - [javax.management.MBeanAttributeInfo[description=Process name, name=tag.ProcessName, type=java.lang.String, read-only, descriptor={}], javax.management.MBeanAttributeInfo[description=Session ID, name=tag.SessionId, type=java.lang.String, read-only, descriptor={}], javax.management.MBeanAttributeInfo[description=Metrics context, name=tag.Context, type=java.lang.String, read-only, descriptor={}], javax.management.MBeanAttributeInfo[description=Local hostname, name=tag.Hostname, type=java.lang.String, read-only, descriptor={}], javax.management.MBeanAttributeInfo[description=CreateFileOps, name=CreateFileOps, type=java.lang.Long, read-only, descriptor={}], javax.management.MBeanAttributeInfo[description=FilesCreated, name=FilesCreated, type=java.lang.Long, read-only, descriptor={}], javax.management.MBeanAttributeInfo[description=FilesAppended, name=FilesAppended, type=java.lang.Long, read-only, descriptor={}], javax.management.MBeanAttributeInfo[description=GetBlockLocations, name=GetBlockLocations, type=java.lang.Long, read-only, descriptor={}], javax.management.MBeanAttributeInfo[description=FilesRenamed, name=FilesRenamed, type=java.lang.Long, read-only, descriptor={}], javax.management.MBeanAttributeInfo[description=FilesTruncated, name=FilesTruncated, type=java.lang.Long, read-only, descriptor={}], javax.management.MBeanAttributeInfo[description=GetListingOps, name=GetListingOps, type=java.lang.Long, read-only, descriptor={}], javax.management.MBeanAttributeInfo[description=DeleteFileOps, name=DeleteFileOps, type=java.lang.Long, read-only, descriptor={}], javax.management.MBeanAttributeInfo[description=Number of files/dirs deleted by delete or rename operations, name=FilesDeleted, type=java.lang.Long, read-only, descriptor={}], javax.management.MBeanAttributeInfo[description=FileInfoOps, name=FileInfoOps, type=java.lang.Long, read-only, descriptor={}], javax.management.MBeanAttributeInfo[description=AddBlockOps, name=AddBlockOps, type=java.lang.Long, read-only, descriptor={}], javax.management.MBeanAttributeInfo[description=GetAdditionalDatanodeOps, name=GetAdditionalDatanodeOps, type=java.lang.Long, read-only, descriptor={}], javax.management.MBeanAttributeInfo[description=CreateSymlinkOps, name=CreateSymlinkOps, type=java.lang.Long, read-only, descriptor={}], javax.management.MBeanAttributeInfo[description=GetLinkTargetOps, name=GetLinkTargetOps, type=java.lang.Long, read-only, descriptor={}], javax.management.MBeanAttributeInfo[description=FilesInGetListingOps, name=FilesInGetListingOps, type=java.lang.Long, read-only, descriptor={}], javax.management.MBeanAttributeInfo[description=Number of successful re-replications, name=SuccessfulReReplications, type=java.lang.Long, read-only, descriptor={}], javax.management.MBeanAttributeInfo[description=Number of times we failed to schedule a block re-replication., name=NumTimesReReplicationNotScheduled, type=java.lang.Long, read-only, descriptor={}], javax.management.MBeanAttributeInfo[description=Number of timed out block re-replications, name=TimeoutReReplications, type=java.lang.Long, read-only, descriptor={}], javax.management.MBeanAttributeInfo[description=Number of allowSnapshot operations, name=AllowSnapshotOps, type=java.lang.Long, read-only, descriptor={}], javax.management.MBeanAttributeInfo[description=Number of disallowSnapshot operations, name=DisallowSnapshotOps, type=java.lang.Long, read-only, descriptor={}], javax.management.MBeanAttributeInfo[description=Number of createSnapshot operations, name=CreateSnapshotOps, type=java.lang.Long, read-only, descriptor={}], javax.management.MBeanAttributeInfo[description=Number of deleteSnapshot operations, name=DeleteSnapshotOps, type=java.lang.Long, read-only, descriptor={}], javax.management.MBeanAttributeInfo[description=Number of renameSnapshot operations, name=RenameSnapshotOps, type=java.lang.Long, read-only, descriptor={}], javax.management.MBeanAttributeInfo[description=Number of listSnapshottableDirectory operations, name=ListSnapshottableDirOps, type=java.lang.Long, read-only, descriptor={}], javax.management.MBeanAttributeInfo[description=Number of snapshotDiffReport operations, name=SnapshotDiffReportOps, type=java.lang.Long, read-only, descriptor={}], javax.management.MBeanAttributeInfo[description=Number of blockReceivedAndDeleted calls, name=BlockReceivedAndDeletedOps, type=java.lang.Long, read-only, descriptor={}], javax.management.MBeanAttributeInfo[description=Number of blockReports from individual storages, name=StorageBlockReportOps, type=java.lang.Long, read-only, descriptor={}], javax.management.MBeanAttributeInfo[description=Number of blockReports and blockReceivedAndDeleted queued, name=BlockOpsQueued, type=java.lang.Integer, read-only, descriptor={}], javax.management.MBeanAttributeInfo[description=Number of blockReports and blockReceivedAndDeleted batch processed, name=BlockOpsBatched, type=java.lang.Long, read-only, descriptor={}], javax.management.MBeanAttributeInfo[description=Number of ops for journal transactions, name=TransactionsNumOps, type=java.lang.Long, read-only, descriptor={}], javax.management.MBeanAttributeInfo[description=Average time for journal transactions, name=TransactionsAvgTime, type=java.lang.Double, read-only, descriptor={}], javax.management.MBeanAttributeInfo[description=Number of ops for journal syncs, name=SyncsNumOps, type=java.lang.Long, read-only, descriptor={}], javax.management.MBeanAttributeInfo[description=Average time for journal syncs, name=SyncsAvgTime, type=java.lang.Double, read-only, descriptor={}], javax.management.MBeanAttributeInfo[description=Journal transactions batched in sync, name=TransactionsBatchedInSync, type=java.lang.Long, read-only, descriptor={}], javax.management.MBeanAttributeInfo[description=Number of ops for block report, name=BlockReportNumOps, type=java.lang.Long, read-only, descriptor={}], javax.management.MBeanAttributeInfo[description=Average time for block report, name=BlockReportAvgTime, type=java.lang.Double, read-only, descriptor={}], javax.management.MBeanAttributeInfo[description=Number of ops for cache report, name=CacheReportNumOps, type=java.lang.Long, read-only, descriptor={}], javax.management.MBeanAttributeInfo[description=Average time for cache report, name=CacheReportAvgTime, type=java.lang.Double, read-only, descriptor={}], javax.management.MBeanAttributeInfo[description=Number of ops for generate EDEK time, name=GenerateEDEKTimeNumOps, type=java.lang.Long, read-only, descriptor={}], javax.management.MBeanAttributeInfo[description=Average time for generate EDEK time, name=GenerateEDEKTimeAvgTime, type=java.lang.Double, read-only, descriptor={}], javax.management.MBeanAttributeInfo[description=Number of ops for warm-up EDEK time, name=WarmUpEDEKTimeNumOps, type=java.lang.Long, read-only, descriptor={}], javax.management.MBeanAttributeInfo[description=Average time for warm-up EDEK time, name=WarmUpEDEKTimeAvgTime, type=java.lang.Double, read-only, descriptor={}], javax.management.MBeanAttributeInfo[description=Number of ops for resource check time, name=ResourceCheckTimeNumOps, type=java.lang.Long, read-only, descriptor={}], javax.management.MBeanAttributeInfo[description=Average time for resource check time, name=ResourceCheckTimeAvgTime, type=java.lang.Double, read-only, descriptor={}], javax.management.MBeanAttributeInfo[description=Duration in SafeMode at startup in msec, name=SafeModeTime, type=java.lang.Integer, read-only, descriptor={}], javax.management.MBeanAttributeInfo[description=Time loading FS Image at startup in msec, name=FsImageLoadTime, type=java.lang.Integer, read-only, descriptor={}], javax.management.MBeanAttributeInfo[description=Number of ops for getImageServlet getEdit, name=GetEditNumOps, type=java.lang.Long, read-only, descriptor={}], javax.management.MBeanAttributeInfo[description=Average time for getImageServlet getEdit, name=GetEditAvgTime, type=java.lang.Double, read-only, descriptor={}], javax.management.MBeanAttributeInfo[description=Number of ops for getImageServlet getImage, name=GetImageNumOps, type=java.lang.Long, read-only, descriptor={}], javax.management.MBeanAttributeInfo[description=Average time for getImageServlet getImage, name=GetImageAvgTime, type=java.lang.Double, read-only, descriptor={}], javax.management.MBeanAttributeInfo[description=Number of ops for getImageServlet putImage, name=PutImageNumOps, type=java.lang.Long, read-only, descriptor={}], javax.management.MBeanAttributeInfo[description=Average time for getImageServlet putImage, name=PutImageAvgTime, type=java.lang.Double, read-only, descriptor={}], javax.management.MBeanAttributeInfo[description=Number of file system operations, name=TotalFileOps, type=java.lang.Long, read-only, descriptor={}]]
2019-09-17 18:33:22,003 [main] DEBUG impl.MetricsSourceAdapter (MetricsSourceAdapter.java:updateInfoCache(248)) - Done
2019-09-17 18:33:22,003 [main] DEBUG util.MBeans (MBeans.java:register(67)) - Registered Hadoop:service=NameNode,name=NameNodeActivity
2019-09-17 18:33:22,003 [main] DEBUG impl.MetricsSourceAdapter (MetricsSourceAdapter.java:startMBeans(224)) - MBean for source NameNodeActivity registered.
2019-09-17 18:33:22,003 [main] DEBUG impl.MetricsSystemImpl (MetricsSystemImpl.java:registerSource(269)) - Registered source NameNodeActivity
2019-09-17 18:33:22,003 [main] DEBUG impl.MetricsSystemImpl (MetricsSystemImpl.java:register(231)) - StartupProgress, NameNode startup progress
2019-09-17 18:33:22,003 [main] DEBUG impl.MetricsConfig (MetricsConfig.java:getProperty(183)) - poking parent 'PropertiesConfiguration' for key: source.source.start_mbeans
2019-09-17 18:33:22,003 [main] DEBUG impl.MetricsConfig (MetricsConfig.java:getProperty(183)) - poking parent 'MetricsConfig' for key: source.start_mbeans
2019-09-17 18:33:22,003 [main] DEBUG impl.MetricsConfig (MetricsConfig.java:getProperty(183)) - poking parent 'PropertiesConfiguration' for key: *.source.start_mbeans
2019-09-17 18:33:22,019 [main] DEBUG impl.MetricsSourceAdapter (MetricsSourceAdapter.java:updateAttrCache(253)) - Updating attr cache...
2019-09-17 18:33:22,019 [main] DEBUG impl.MetricsSourceAdapter (MetricsSourceAdapter.java:updateAttrCache(267)) - Done. # tags & metrics=19
2019-09-17 18:33:22,019 [main] DEBUG impl.MetricsSourceAdapter (MetricsSourceAdapter.java:updateInfoCache(246)) - Updating info cache...
[...]
2019-09-17 18:33:23,501 [main] DEBUG mortbay.log (Slf4jLog.java:debug(40)) - started org.apache.hadoop.hdfs.web.AuthFilter
2019-09-17 18:33:23,502 [main] DEBUG mortbay.log (Slf4jLog.java:debug(40)) - started com.sun.jersey.spi.container.servlet.ServletContainer-1803093683
2019-09-17 18:33:23,503 [main] DEBUG mortbay.log (Slf4jLog.java:debug(40)) - started conf
2019-09-17 18:33:23,503 [main] DEBUG mortbay.log (Slf4jLog.java:debug(40)) - started cancelDelegationToken
2019-09-17 18:33:23,503 [main] DEBUG mortbay.log (Slf4jLog.java:debug(40)) - started contentSummary
2019-09-17 18:33:23,503 [main] DEBUG mortbay.log (Slf4jLog.java:debug(40)) - started checksum
2019-09-17 18:33:23,504 [main] DEBUG mortbay.log (Slf4jLog.java:debug(40)) - started data
2019-09-17 18:33:23,504 [main] DEBUG mortbay.log (Slf4jLog.java:debug(40)) - started fsck
2019-09-17 18:33:23,504 [main] DEBUG mortbay.log (Slf4jLog.java:debug(40)) - started getDelegationToken
2019-09-17 18:33:23,504 [main] DEBUG mortbay.log (Slf4jLog.java:debug(40)) - started imagetransfer
2019-09-17 18:33:23,504 [main] DEBUG mortbay.log (Slf4jLog.java:debug(40)) - started listPaths
2019-09-17 18:33:23,504 [main] DEBUG mortbay.log (Slf4jLog.java:debug(40)) - started renewDelegationToken
2019-09-17 18:33:23,505 [main] DEBUG mortbay.log (Slf4jLog.java:debug(40)) - started startupProgress
2019-09-17 18:33:23,505 [main] DEBUG mortbay.log (Slf4jLog.java:debug(40)) - started stacks
2019-09-17 18:33:23,505 [main] DEBUG mortbay.log (Slf4jLog.java:debug(40)) - started jmx
2019-09-17 18:33:23,505 [main] DEBUG mortbay.log (Slf4jLog.java:debug(40)) - started logLevel
2019-09-17 18:33:23,505 [main] DEBUG mortbay.log (Slf4jLog.java:debug(40)) - started metrics
2019-09-17 18:33:23,508 [main] DEBUG mortbay.log (Slf4jLog.java:debug(40)) - started org.mortbay.jetty.servlet.DefaultServlet$NIOResourceCache@29a60c27
2019-09-17 18:33:23,508 [main] DEBUG mortbay.log (Slf4jLog.java:debug(40)) - resource base = file:/C:/Users/jamesbak/AppData/Local/Temp/3/Jetty_127_0_0_1_52761_hdfs____.gvhpd6/webapp/
2019-09-17 18:33:23,509 [main] DEBUG mortbay.log (Slf4jLog.java:debug(40)) - started org.mortbay.jetty.servlet.DefaultServlet-2065718717
2019-09-17 18:33:23,509 [main] DEBUG mortbay.log (Slf4jLog.java:debug(40)) - started org.mortbay.jetty.webapp.WebAppContext@77128536{/,jar:file:/C:/Users/jamesbak/.m2/repository/org/apache/hadoop/hadoop-hdfs/2.10.0-SNAPSHOT/hadoop-hdfs-2.10.0-SNAPSHOT-tests.jar!/webapps/hdfs}
2019-09-17 18:33:23,509 [main] DEBUG mortbay.log (Slf4jLog.java:debug(40)) - Container org.mortbay.jetty.servlet.Context@598bd2ba{/logs,file:/C:/depot/adls-migrator/target/log} + ErrorHandler@1849db1a as errorHandler
2019-09-17 18:33:23,510 [main] DEBUG mortbay.log (Slf4jLog.java:debug(40)) - started org.mortbay.jetty.servlet.HashSessionManager@545b995e
2019-09-17 18:33:23,510 [main] DEBUG mortbay.log (Slf4jLog.java:debug(40)) - filterNameMap={safety=safety, static_user_filter=static_user_filter}
2019-09-17 18:33:23,511 [main] DEBUG mortbay.log (Slf4jLog.java:debug(40)) - pathFilters=[(F=safety,[/*],[],15), (F=static_user_filter,[/*],[],15)]
2019-09-17 18:33:23,511 [main] DEBUG mortbay.log (Slf4jLog.java:debug(40)) - servletFilterMap=null
2019-09-17 18:33:23,511 [main] DEBUG mortbay.log (Slf4jLog.java:debug(40)) - servletPathMap={/*=org.apache.hadoop.http.AdminAuthorizedServlet-46453164}
2019-09-17 18:33:23,511 [main] DEBUG mortbay.log (Slf4jLog.java:debug(40)) - servletNameMap={org.apache.hadoop.http.AdminAuthorizedServlet-46453164=org.apache.hadoop.http.AdminAuthorizedServlet-46453164}
2019-09-17 18:33:23,511 [main] DEBUG mortbay.log (Slf4jLog.java:debug(40)) - starting ServletHandler@5a755cc1
2019-09-17 18:33:23,512 [main] DEBUG mortbay.log (Slf4jLog.java:debug(40)) - started ServletHandler@5a755cc1
2019-09-17 18:33:23,512 [main] DEBUG mortbay.log (Slf4jLog.java:debug(40)) - starting SessionHandler@7f0d96f2
2019-09-17 18:33:23,512 [main] DEBUG mortbay.log (Slf4jLog.java:debug(40)) - started SessionHandler@7f0d96f2
2019-09-17 18:33:23,512 [main] DEBUG mortbay.log (Slf4jLog.java:debug(40)) - starting org.mortbay.jetty.servlet.Context@598bd2ba{/logs,file:/C:/depot/adls-migrator/target/log}
2019-09-17 18:33:23,512 [main] DEBUG mortbay.log (Slf4jLog.java:debug(40)) - starting ErrorHandler@1849db1a
2019-09-17 18:33:23,513 [main] DEBUG mortbay.log (Slf4jLog.java:debug(40)) - started ErrorHandler@1849db1a
2019-09-17 18:33:23,513 [main] DEBUG mortbay.log (Slf4jLog.java:debug(40)) - Holding class org.apache.hadoop.http.AdminAuthorizedServlet
2019-09-17 18:33:23,513 [main] DEBUG mortbay.log (Slf4jLog.java:debug(40)) - started org.apache.hadoop.http.AdminAuthorizedServlet-46453164
2019-09-17 18:33:23,513 [main] DEBUG mortbay.log (Slf4jLog.java:debug(40)) - started org.mortbay.jetty.servlet.Context@598bd2ba{/logs,file:/C:/depot/adls-migrator/target/log}
2019-09-17 18:33:23,514 [main] DEBUG mortbay.log (Slf4jLog.java:debug(40)) - Container org.mortbay.jetty.servlet.Context@76a2ddf3{/static,jar:file:/C:/Users/jamesbak/.m2/repository/org/apache/hadoop/hadoop-hdfs/2.10.0-SNAPSHOT/hadoop-hdfs-2.10.0-SNAPSHOT-tests.jar!/webapps/static} + ErrorHandler@69c79f09 as errorHandler
2019-09-17 18:33:23,514 [main] DEBUG mortbay.log (Slf4jLog.java:debug(40)) - started org.mortbay.jetty.servlet.HashSessionManager@77102b91
2019-09-17 18:33:23,515 [main] DEBUG mortbay.log (Slf4jLog.java:debug(40)) - filterNameMap={safety=safety, static_user_filter=static_user_filter}
2019-09-17 18:33:23,515 [main] DEBUG mortbay.log (Slf4jLog.java:debug(40)) - pathFilters=[(F=safety,[/*],[],15), (F=static_user_filter,[/*],[],15)]
2019-09-17 18:33:23,515 [main] DEBUG mortbay.log (Slf4jLog.java:debug(40)) - servletFilterMap=null
2019-09-17 18:33:23,515 [main] DEBUG mortbay.log (Slf4jLog.java:debug(40)) - servletPathMap={/*=org.mortbay.jetty.servlet.DefaultServlet-693267461}
2019-09-17 18:33:23,515 [main] DEBUG mortbay.log (Slf4jLog.java:debug(40)) - servletNameMap={org.mortbay.jetty.servlet.DefaultServlet-693267461=org.mortbay.jetty.servlet.DefaultServlet-693267461}
2019-09-17 18:33:23,516 [main] DEBUG mortbay.log (Slf4jLog.java:debug(40)) - starting ServletHandler@524f3b3a
2019-09-17 18:33:23,516 [main] DEBUG mortbay.log (Slf4jLog.java:debug(40)) - started ServletHandler@524f3b3a
2019-09-17 18:33:23,516 [main] DEBUG mortbay.log (Slf4jLog.java:debug(40)) - starting SessionHandler@2ef14fe
2019-09-17 18:33:23,516 [main] DEBUG mortbay.log (Slf4jLog.java:debug(40)) - started SessionHandler@2ef14fe
2019-09-17 18:33:23,516 [main] DEBUG mortbay.log (Slf4jLog.java:debug(40)) - starting org.mortbay.jetty.servlet.Context@76a2ddf3{/static,jar:file:/C:/Users/jamesbak/.m2/repository/org/apache/hadoop/hadoop-hdfs/2.10.0-SNAPSHOT/hadoop-hdfs-2.10.0-SNAPSHOT-tests.jar!/webapps/static}
2019-09-17 18:33:23,517 [main] DEBUG mortbay.log (Slf4jLog.java:debug(40)) - starting ErrorHandler@69c79f09
2019-09-17 18:33:23,517 [main] DEBUG mortbay.log (Slf4jLog.java:debug(40)) - started ErrorHandler@69c79f09
2019-09-17 18:33:23,517 [main] DEBUG mortbay.log (Slf4jLog.java:debug(40)) - Holding class org.mortbay.jetty.servlet.DefaultServlet
2019-09-17 18:33:23,517 [main] DEBUG mortbay.log (Slf4jLog.java:debug(40)) - started org.mortbay.jetty.servlet.DefaultServlet-693267461
2019-09-17 18:33:23,517 [main] DEBUG mortbay.log (Slf4jLog.java:debug(40)) - started org.mortbay.jetty.servlet.Context@76a2ddf3{/static,jar:file:/C:/Users/jamesbak/.m2/repository/org/apache/hadoop/hadoop-hdfs/2.10.0-SNAPSHOT/hadoop-hdfs-2.10.0-SNAPSHOT-tests.jar!/webapps/static}
2019-09-17 18:33:23,518 [main] DEBUG mortbay.log (Slf4jLog.java:debug(40)) - starting ContextHandlerCollection@3fed2870
2019-09-17 18:33:23,518 [main] DEBUG mortbay.log (Slf4jLog.java:debug(40)) - started ContextHandlerCollection@3fed2870
2019-09-17 18:33:23,518 [main] DEBUG mortbay.log (Slf4jLog.java:debug(40)) - starting Server@4f0100a7
2019-09-17 18:33:23,539 [main] DEBUG mortbay.log (Slf4jLog.java:debug(40)) - started org.mortbay.jetty.nio.SelectChannelConnector$1@1255b1d1
2019-09-17 18:33:23,541 [main] INFO  mortbay.log (Slf4jLog.java:info(67)) - Started HttpServer2$SelectChannelConnectorWithSafeStartup@127.0.0.1:52761
2019-09-17 18:33:23,541 [main] DEBUG mortbay.log (Slf4jLog.java:debug(40)) - started HttpServer2$SelectChannelConnectorWithSafeStartup@127.0.0.1:52761
2019-09-17 18:33:23,541 [main] DEBUG mortbay.log (Slf4jLog.java:debug(40)) - started Server@4f0100a7
2019-09-17 18:33:23,554 [main] DEBUG util.KMSUtil (KMSUtil.java:createKeyProvider(52)) - Creating key provider with config key hadoop.security.key.provider.path
2019-09-17 18:33:23,555 [main] INFO  blockmanagement.BlockManager (InvalidateBlocks.java:printBlockDeletionTime(73)) - dfs.namenode.startup.delay.block.deletion.sec is set to 000:00:00:00.000
2019-09-17 18:33:23,556 [main] INFO  blockmanagement.BlockManager (InvalidateBlocks.java:printBlockDeletionTime(78)) - The block deletion will start around 2019 Sep 17 18:33:23
2019-09-17 18:33:23,556 [main] INFO  util.GSet (LightWeightGSet.java:computeCapacity(395)) - Computing capacity for map BlocksMap
2019-09-17 18:33:23,556 [main] INFO  util.GSet (LightWeightGSet.java:computeCapacity(396)) - VM type       = 64-bit
2019-09-17 18:33:23,556 [main] INFO  util.GSet (LightWeightGSet.java:computeCapacity(397)) - 2.0% max memory 910.5 MB = 18.2 MB
2019-09-17 18:33:23,556 [main] INFO  util.GSet (LightWeightGSet.java:computeCapacity(402)) - capacity      = 2^21 = 2097152 entries
2019-09-17 18:33:23,556 [main] DEBUG util.GSet (LightWeightGSet.java:<init>(90)) - recommended=2097152, actual=2097152
2019-09-17 18:33:23,557 [main] INFO  blockmanagement.BlockManager (BlockManager.java:createBlockTokenSecretManager(481)) - dfs.block.access.token.enable=false
2019-09-17 18:33:23,558 [main] WARN  conf.Configuration (Configuration.java:getTimeDurationHelper(1701)) - No unit for dfs.heartbeat.interval(3) assuming SECONDS
2019-09-17 18:33:23,558 [main] WARN  conf.Configuration (Configuration.java:getTimeDurationHelper(1701)) - No unit for dfs.namenode.safemode.extension(0) assuming MILLISECONDS
2019-09-17 18:33:23,558 [main] INFO  blockmanagement.BlockManagerSafeMode (BlockManagerSafeMode.java:<init>(158)) - dfs.namenode.safemode.threshold-pct = 0.9990000128746033
2019-09-17 18:33:23,558 [main] INFO  blockmanagement.BlockManagerSafeMode (BlockManagerSafeMode.java:<init>(159)) - dfs.namenode.safemode.min.datanodes = 0
2019-09-17 18:33:23,558 [main] INFO  blockmanagement.BlockManagerSafeMode (BlockManagerSafeMode.java:<init>(161)) - dfs.namenode.safemode.extension = 0
2019-09-17 18:33:23,559 [main] INFO  blockmanagement.BlockManager (BlockManager.java:<init>(467)) - defaultReplication         = 1
2019-09-17 18:33:23,559 [main] INFO  blockmanagement.BlockManager (BlockManager.java:<init>(468)) - maxReplication             = 512
2019-09-17 18:33:23,559 [main] INFO  blockmanagement.BlockManager (BlockManager.java:<init>(469)) - minReplication             = 1
2019-09-17 18:33:23,559 [main] INFO  blockmanagement.BlockManager (BlockManager.java:<init>(470)) - maxReplicationStreams      = 2
2019-09-17 18:33:23,559 [main] INFO  blockmanagement.BlockManager (BlockManager.java:<init>(471)) - replicationRecheckInterval = 3000
2019-09-17 18:33:23,559 [main] INFO  blockmanagement.BlockManager (BlockManager.java:<init>(472)) - encryptDataTransfer        = false
2019-09-17 18:33:23,559 [main] INFO  blockmanagement.BlockManager (BlockManager.java:<init>(473)) - maxNumBlocksToLog          = 1000
2019-09-17 18:33:23,560 [main] INFO  util.GSet (LightWeightGSet.java:computeCapacity(395)) - Computing capacity for map INodeMap
2019-09-17 18:33:23,560 [main] INFO  util.GSet (LightWeightGSet.java:computeCapacity(396)) - VM type       = 64-bit
2019-09-17 18:33:23,560 [main] INFO  util.GSet (LightWeightGSet.java:computeCapacity(397)) - 1.0% max memory 910.5 MB = 9.1 MB
2019-09-17 18:33:23,560 [main] INFO  util.GSet (LightWeightGSet.java:computeCapacity(402)) - capacity      = 2^20 = 1048576 entries
2019-09-17 18:33:23,560 [main] DEBUG util.GSet (LightWeightGSet.java:<init>(90)) - recommended=1048576, actual=1048576
2019-09-17 18:33:23,561 [main] INFO  namenode.FSDirectory (FSDirectory.java:<init>(276)) - ACLs enabled? false
2019-09-17 18:33:23,561 [main] INFO  namenode.FSDirectory (FSDirectory.java:<init>(280)) - XAttrs enabled? true
2019-09-17 18:33:23,561 [main] INFO  namenode.NameNode (FSDirectory.java:<init>(344)) - Caching file names occurring more than 10 times
2019-09-17 18:33:23,561 [main] INFO  util.GSet (LightWeightGSet.java:computeCapacity(395)) - Computing capacity for map cachedBlocks
2019-09-17 18:33:23,562 [main] INFO  util.GSet (LightWeightGSet.java:computeCapacity(396)) - VM type       = 64-bit
2019-09-17 18:33:23,562 [main] INFO  util.GSet (LightWeightGSet.java:computeCapacity(397)) - 0.25% max memory 910.5 MB = 2.3 MB
2019-09-17 18:33:23,562 [main] INFO  util.GSet (LightWeightGSet.java:computeCapacity(402)) - capacity      = 2^18 = 262144 entries
2019-09-17 18:33:23,562 [main] DEBUG util.GSet (LightWeightGSet.java:<init>(90)) - recommended=262144, actual=262144
2019-09-17 18:33:23,563 [main] INFO  metrics.TopMetrics (TopMetrics.java:logConf(76)) - NNTop conf: dfs.namenode.top.window.num.buckets = 10
2019-09-17 18:33:23,563 [main] INFO  metrics.TopMetrics (TopMetrics.java:logConf(78)) - NNTop conf: dfs.namenode.top.num.users = 10
2019-09-17 18:33:23,563 [main] INFO  metrics.TopMetrics (TopMetrics.java:logConf(80)) - NNTop conf: dfs.namenode.top.windows.minutes = 1,5,25
2019-09-17 18:33:23,563 [main] INFO  util.GSet (LightWeightGSet.java:computeCapacity(395)) - Computing capacity for map NameNodeRetryCache
2019-09-17 18:33:23,564 [main] INFO  util.GSet (LightWeightGSet.java:computeCapacity(396)) - VM type       = 64-bit
2019-09-17 18:33:23,564 [main] INFO  util.GSet (LightWeightGSet.java:computeCapacity(397)) - 0.029999999329447746% max memory 910.5 MB = 279.7 KB
2019-09-17 18:33:23,564 [main] INFO  util.GSet (LightWeightGSet.java:computeCapacity(402)) - capacity      = 2^15 = 32768 entries
2019-09-17 18:33:23,564 [main] DEBUG util.GSet (LightWeightGSet.java:<init>(90)) - recommended=32768, actual=32768
2019-09-17 18:33:23,565 [main] DEBUG metrics.RetryCacheMetrics (RetryCacheMetrics.java:<init>(46)) - Initialized MetricsRegistry{info=MetricsInfoImpl{name=RetryCache.NameNodeRetryCache, description=RetryCache.NameNodeRetryCache}, tags=[], metrics=[]}
2019-09-17 18:33:23,565 [main] DEBUG lib.MutableMetricsFactory (MutableMetricsFactory.java:newForField(43)) - field org.apache.hadoop.metrics2.lib.MutableCounterLong org.apache.hadoop.ipc.metrics.RetryCacheMetrics.cacheHit with annotation @org.apache.hadoop.metrics2.annotation.Metric(always=false, sampleName=Ops, valueName=Time, about=, interval=10, type=DEFAULT, value=[Number of RetryCache hit])
2019-09-17 18:33:23,566 [main] DEBUG lib.MutableMetricsFactory (MutableMetricsFactory.java:newForField(43)) - field org.apache.hadoop.metrics2.lib.MutableCounterLong org.apache.hadoop.ipc.metrics.RetryCacheMetrics.cacheCleared with annotation @org.apache.hadoop.metrics2.annotation.Metric(always=false, sampleName=Ops, valueName=Time, about=, interval=10, type=DEFAULT, value=[Number of RetryCache cleared])
2019-09-17 18:33:23,566 [main] DEBUG lib.MutableMetricsFactory (MutableMetricsFactory.java:newForField(43)) - field org.apache.hadoop.metrics2.lib.MutableCounterLong org.apache.hadoop.ipc.metrics.RetryCacheMetrics.cacheUpdated with annotation @org.apache.hadoop.metrics2.annotation.Metric(always=false, sampleName=Ops, valueName=Time, about=, interval=10, type=DEFAULT, value=[Number of RetryCache updated])
2019-09-17 18:33:23,567 [main] DEBUG impl.MetricsSystemImpl (MetricsSystemImpl.java:register(231)) - RetryCache.NameNodeRetryCache-1, Aggregate RetryCache metrics
2019-09-17 18:33:23,568 [main] DEBUG impl.MetricsConfig (MetricsConfig.java:getProperty(183)) - poking parent 'PropertiesConfiguration' for key: source.source.start_mbeans
2019-09-17 18:33:23,568 [main] DEBUG impl.MetricsConfig (MetricsConfig.java:getProperty(183)) - poking parent 'MetricsConfig' for key: source.start_mbeans
2019-09-17 18:33:23,568 [main] DEBUG impl.MetricsConfig (MetricsConfig.java:getProperty(183)) - poking parent 'PropertiesConfiguration' for key: *.source.start_mbeans
2019-09-17 18:33:23,568 [main] DEBUG impl.MetricsSourceAdapter (MetricsSourceAdapter.java:updateAttrCache(253)) - Updating attr cache...
2019-09-17 18:33:23,569 [main] DEBUG impl.MetricsSourceAdapter (MetricsSourceAdapter.java:updateAttrCache(267)) - Done. # tags & metrics=5
2019-09-17 18:33:23,569 [main] DEBUG impl.MetricsSourceAdapter (MetricsSourceAdapter.java:updateInfoCache(246)) - Updating info cache...
2019-09-17 18:33:23,569 [main] DEBUG impl.MetricsSystemImpl (MBeanInfoBuilder.java:get(109)) - [javax.management.MBeanAttributeInfo[description=Metrics context, name=tag.Context, type=java.lang.String, read-only, descriptor={}], javax.management.MBeanAttributeInfo[description=Local hostname, name=tag.Hostname, type=java.lang.String, read-only, descriptor={}], javax.management.MBeanAttributeInfo[description=Number of RetryCache hit, name=CacheHit, type=java.lang.Long, read-only, descriptor={}], javax.management.MBeanAttributeInfo[description=Number of RetryCache cleared, name=CacheCleared, type=java.lang.Long, read-only, descriptor={}], javax.management.MBeanAttributeInfo[description=Number of RetryCache updated, name=CacheUpdated, type=java.lang.Long, read-only, descriptor={}]]
2019-09-17 18:33:23,569 [main] DEBUG impl.MetricsSourceAdapter (MetricsSourceAdapter.java:updateInfoCache(248)) - Done
2019-09-17 18:33:23,570 [main] DEBUG util.MBeans (MBeans.java:register(67)) - Registered Hadoop:service=NameNode,name=RetryCache.NameNodeRetryCache-1
2019-09-17 18:33:23,570 [main] DEBUG impl.MetricsSourceAdapter (MetricsSourceAdapter.java:startMBeans(224)) - MBean for source RetryCache.NameNodeRetryCache-1 registered.
2019-09-17 18:33:23,570 [main] DEBUG impl.MetricsSystemImpl (MetricsSystemImpl.java:registerSource(269)) - Registered source RetryCache.NameNodeRetryCache-1
]]></system-out>
  </testcase>
  <testcase name="com.azure.storage.adlsmigrator.mapred.TestUniformSizeInputFormat" classname="com.azure.storage.adlsmigrator.mapred.TestUniformSizeInputFormat" time="4.231">
    <error type="java.lang.NullPointerException">java.lang.NullPointerException
	at com.azure.storage.adls_migrator.mapred.TestUniformSizeInputFormat.tearDown(TestUniformSizeInputFormat.java:99)
	at sun.reflect.NativeMethodAccessorImpl.invoke0(Native Method)
	at sun.reflect.NativeMethodAccessorImpl.invoke(NativeMethodAccessorImpl.java:62)
	at sun.reflect.DelegatingMethodAccessorImpl.invoke(DelegatingMethodAccessorImpl.java:43)
	at java.lang.reflect.Method.invoke(Method.java:498)
	at org.junit.runners.model.FrameworkMethod$1.runReflectiveCall(FrameworkMethod.java:47)
	at org.junit.internal.runners.model.ReflectiveCallable.run(ReflectiveCallable.java:12)
	at org.junit.runners.model.FrameworkMethod.invokeExplosively(FrameworkMethod.java:44)
	at org.junit.internal.runners.statements.RunAfters.evaluate(RunAfters.java:33)
	at org.junit.runners.ParentRunner.run(ParentRunner.java:309)
	at org.apache.maven.surefire.junit4.JUnit4Provider.execute(JUnit4Provider.java:365)
	at org.apache.maven.surefire.junit4.JUnit4Provider.executeWithRerun(JUnit4Provider.java:273)
	at org.apache.maven.surefire.junit4.JUnit4Provider.executeTestSet(JUnit4Provider.java:238)
	at org.apache.maven.surefire.junit4.JUnit4Provider.invoke(JUnit4Provider.java:159)
	at org.apache.maven.surefire.booter.ForkedBooter.invokeProviderInSameClassLoader(ForkedBooter.java:379)
	at org.apache.maven.surefire.booter.ForkedBooter.runSuitesInProcess(ForkedBooter.java:340)
	at org.apache.maven.surefire.booter.ForkedBooter.execute(ForkedBooter.java:125)
	at org.apache.maven.surefire.booter.ForkedBooter.main(ForkedBooter.java:413)
</error>
  </testcase>
</testsuite>